RUN	GoRest.UserSimulation	usersimulation	1638619612873	 	3.7.2
USER	Post User	START	1638619614399
USER	Get User	START	1638619614458
USER	Put User	START	1638619614460
USER	Delete User	START	1638619614462
USER	Delete User	START	1638619614632
USER	Get User	START	1638619614635
USER	Put User	START	1638619614637
USER	Post User	START	1638619614639
USER	Delete User	START	1638619614882
USER	Get User	START	1638619614884
USER	Put User	START	1638619614886
USER	Post User	START	1638619614888
USER	Delete User	START	1638619615132
USER	Get User	START	1638619615134
USER	Put User	START	1638619615135
USER	Post User	START	1638619615138
REQUEST		Post User	1638619614452	1638619615168	OK	 
USER	Post User	END	1638619615203
USER	Delete User	START	1638619615382
USER	Get User	START	1638619615385
USER	Put User	START	1638619615389
USER	Post User	START	1638619615393
REQUEST		Post User	1638619614638	1638619615335	OK	 
REQUEST		Post User	1638619614636	1638619615446	OK	 
REQUEST		Post User	1638619614458	1638619615536	OK	 
REQUEST		Post User	1638619614462	1638619615638	OK	 
USER	Delete User	START	1638619615710
USER	Get User	START	1638619615713
USER	Put User	START	1638619615714
USER	Post User	START	1638619615726
REQUEST		Post User	1638619614461	1638619615733	OK	 
REQUEST		Post User	1638619614633	1638619615839	OK	 
REQUEST		Put User	1638619615444	1638619615935	OK	 
USER	Put User	END	1638619615937
REQUEST		Put User	1638619615735	1638619615995	KO	status.find.in(200,201,202,203,204,205,206,207,208,209,304), found 503
USER	Put User	END	1638619615999
REQUEST		Get User	1638619615449	1638619616029	OK	 
USER	Get User	END	1638619616030
USER	Delete User	START	1638619616054
USER	Get User	START	1638619616056
USER	Put User	START	1638619616058
USER	Post User	START	1638619616060
REQUEST		Post User	1638619615383	1638619616059	KO	status.find.in(200,201,202,203,204,205,206,207,208,209,304), found 503
USER	Delete User	END	1638619616066
REQUEST		Post User	1638619615390	1638619616067	KO	status.find.in(200,201,202,203,204,205,206,207,208,209,304), found 503
USER	Put User	END	1638619616069
REQUEST		Post User	1638619615386	1638619616087	KO	status.find.in(200,201,202,203,204,205,206,207,208,209,304), found 503
USER	Get User	END	1638619616088
REQUEST		Post User	1638619614640	1638619616131	OK	 
USER	Post User	END	1638619616132
REQUEST		Post User	1638619615138	1638619616155	KO	status.find.in(200,201,202,203,204,205,206,207,208,209,304), found 503
USER	Post User	END	1638619616157
REQUEST		Post User	1638619615136	1638619616201	KO	status.find.in(200,201,202,203,204,205,206,207,208,209,304), found 503
USER	Put User	END	1638619616202
REQUEST		Get User	1638619615538	1638619616231	OK	 
USER	Get User	END	1638619616232
REQUEST		Post User	1638619614889	1638619616336	OK	 
USER	Post User	END	1638619616337
USER	Delete User	START	1638619616382
USER	Get User	START	1638619616384
USER	Put User	START	1638619616386
USER	Post User	START	1638619616388
REQUEST		Post User	1638619615133	1638619616436	OK	 
REQUEST		Post User	1638619615134	1638619616550	OK	 
REQUEST		Delete User	1638619615640	1638619616632	OK	 
USER	Delete User	END	1638619616633
USER	Post User	START	1638619616710
USER	Delete User	START	1638619616710
USER	Put User	START	1638619616711
USER	Get User	START	1638619616710
REQUEST		Post User	1638619614885	1638619616736	OK	 
REQUEST		Get User	1638619616551	1638619616771	KO	status.find.in(200,201,202,203,204,205,206,207,208,209,304), found 503
USER	Get User	END	1638619616772
REQUEST		Post User	1638619614883	1638619616832	OK	 
REQUEST		Post User	1638619616057	1638619616882	KO	status.find.in(200,201,202,203,204,205,206,207,208,209,304), found 503
USER	Get User	END	1638619616895
REQUEST		Post User	1638619614886	1638619616937	OK	 
REQUEST		Delete User	1638619615840	1638619617042	OK	 
USER	Put User	START	1638619617042
USER	Delete User	END	1638619617044
USER	Post User	START	1638619617044
USER	Delete User	START	1638619617054
USER	Get User	START	1638619617054
REQUEST		Delete User	1638619616833	1638619617106	KO	status.find.in(200,201,202,203,204,205,206,207,208,209,304), found 503
USER	Delete User	END	1638619617107
REQUEST		Post User	1638619615394	1638619617135	OK	 
USER	Post User	END	1638619617136
REQUEST		Put User	1638619616939	1638619617166	KO	status.find.in(200,201,202,203,204,205,206,207,208,209,304), found 503
USER	Put User	END	1638619617167
REQUEST		Post User	1638619615726	1638619617236	OK	 
USER	Post User	END	1638619617237
REQUEST		Post User	1638619616386	1638619617275	KO	status.find.in(200,201,202,203,204,205,206,207,208,209,304), found 503
USER	Put User	END	1638619617276
REQUEST		Post User	1638619615715	1638619617343	OK	 
USER	Get User	START	1638619617382
USER	Put User	START	1638619617382
USER	Post User	START	1638619617382
USER	Delete User	START	1638619617385
REQUEST		Post User	1638619616383	1638619617410	KO	status.find.in(200,201,202,203,204,205,206,207,208,209,304), found 503
USER	Delete User	END	1638619617411
REQUEST		Delete User	1638619616437	1638619617436	OK	 
USER	Delete User	END	1638619617437
REQUEST		Post User	1638619615711	1638619617533	OK	 
USER	Get User	START	1638619617632
USER	Put User	START	1638619617632
USER	Delete User	START	1638619617633
USER	Post User	START	1638619617633
REQUEST		Post User	1638619615713	1638619617638	OK	 
REQUEST		Post User	1638619617045	1638619617727	KO	status.find.in(200,201,202,203,204,205,206,207,208,209,304), found 503
USER	Post User	END	1638619617728
REQUEST		Post User	1638619616061	1638619617735	OK	 
USER	Post User	END	1638619617736
REQUEST		Post User	1638619617043	1638619617738	KO	status.find.in(200,201,202,203,204,205,206,207,208,209,304), found 503
USER	Put User	END	1638619617740
REQUEST		Post User	1638619616711	1638619617792	KO	status.find.in(200,201,202,203,204,205,206,207,208,209,304), found 503
USER	Post User	END	1638619617793
REQUEST		Post User	1638619616711	1638619617814	KO	status.find.in(200,201,202,203,204,205,206,207,208,209,304), found 503
USER	Put User	END	1638619617816
REQUEST		Post User	1638619616059	1638619617833	OK	 
USER	Get User	START	1638619617882
USER	Put User	START	1638619617882
USER	Post User	START	1638619617884
USER	Delete User	START	1638619617884
REQUEST		Get User	1638619616737	1638619617932	OK	 
USER	Get User	END	1638619617933
REQUEST		Post User	1638619616384	1638619618036	OK	 
REQUEST		Post User	1638619617386	1638619618070	KO	status.find.in(200,201,202,203,204,205,206,207,208,209,304), found 503
USER	Delete User	END	1638619618071
REQUEST		Post User	1638619617383	1638619618101	KO	status.find.in(200,201,202,203,204,205,206,207,208,209,304), found 503
USER	Post User	END	1638619618102
REQUEST		Post User	1638619617054	1638619618111	KO	status.find.in(200,201,202,203,204,205,206,207,208,209,304), found 503
USER	Get User	END	1638619618113
USER	Put User	START	1638619618132
USER	Get User	START	1638619618132
USER	Post User	START	1638619618133
USER	Delete User	START	1638619618133
REQUEST		Post User	1638619616054	1638619618136	OK	 
REQUEST		Get User	1638619618037	1638619618208	KO	status.find.in(200,201,202,203,204,205,206,207,208,209,304), found 503
USER	Get User	END	1638619618209
REQUEST		Post User	1638619616389	1638619618235	OK	 
USER	Post User	END	1638619618236
REQUEST		Post User	1638619616711	1638619618337	OK	 
USER	Put User	START	1638619618382
USER	Get User	START	1638619618382
USER	Post User	START	1638619618384
USER	Delete User	START	1638619618384
REQUEST		Post User	1638619616712	1638619618435	OK	 
REQUEST		Post User	1638619617632	1638619618460	KO	status.find.in(200,201,202,203,204,205,206,207,208,209,304), found 503
USER	Get User	END	1638619618461
REQUEST		Delete User	1638619618338	1638619618508	KO	status.find.in(200,201,202,203,204,205,206,207,208,209,304), found 503
USER	Delete User	END	1638619618509
REQUEST		Put User	1638619617344	1638619618531	OK	 
USER	Put User	END	1638619618532
REQUEST		Delete User	1638619617534	1638619618633	OK	 
USER	Delete User	END	1638619618634
REQUEST		Post User	1638619617634	1638619618675	KO	status.find.in(200,201,202,203,204,205,206,207,208,209,304), found 503
USER	Post User	END	1638619618676
REQUEST		Post User	1638619617882	1638619618705	KO	status.find.in(200,201,202,203,204,205,206,207,208,209,304), found 503
USER	Put User	END	1638619618706
USER	Delete User	START	1638619618707
USER	Put User	START	1638619618710
USER	Post User	START	1638619618710
USER	Get User	START	1638619618714
REQUEST		Post User	1638619617054	1638619618733	OK	 
REQUEST		Post User	1638619618134	1638619618815	KO	status.find.in(200,201,202,203,204,205,206,207,208,209,304), found 503
REQUEST		Post User	1638619618134	1638619618815	KO	status.find.in(200,201,202,203,204,205,206,207,208,209,304), found 503
USER	Post User	END	1638619618816
USER	Delete User	END	1638619618816
REQUEST		Get User	1638619617639	1638619618831	OK	 
USER	Get User	END	1638619618832
REQUEST		Put User	1638619617835	1638619618935	OK	 
USER	Put User	END	1638619618937
REQUEST		Post User	1638619617384	1638619619031	OK	 
USER	Post User	START	1638619619052
USER	Get User	START	1638619619054
USER	Put User	START	1638619619054
USER	Delete User	START	1638619619056
REQUEST		Post User	1638619617383	1638619619134	OK	 
REQUEST		Delete User	1638619618137	1638619619232	OK	 
USER	Delete User	END	1638619619233
REQUEST		Post User	1638619617634	1638619619331	OK	 
USER	Get User	START	1638619619382
USER	Post User	START	1638619619382
USER	Delete User	START	1638619619382
USER	Put User	START	1638619619382
REQUEST		Post User	1638619618708	1638619619401	KO	status.find.in(200,201,202,203,204,205,206,207,208,209,304), found 503
USER	Delete User	END	1638619619403
REQUEST		Post User	1638619617632	1638619619435	OK	 
REQUEST		Post User	1638619618384	1638619619476	KO	status.find.in(200,201,202,203,204,205,206,207,208,209,304), found 503
USER	Delete User	END	1638619619477
REQUEST		Post User	1638619618711	1638619619486	KO	status.find.in(200,201,202,203,204,205,206,207,208,209,304), found 503
REQUEST		Post User	1638619617882	1638619619486	KO	status.find.in(200,201,202,203,204,205,206,207,208,209,304), found 503
USER	Get User	END	1638619619487
USER	Put User	END	1638619619487
REQUEST		Post User	1638619617884	1638619619539	OK	 
USER	Post User	END	1638619619540
REQUEST		Get User	1638619618436	1638619619635	OK	 
USER	Get User	END	1638619619636
USER	Post User	START	1638619619710
USER	Put User	START	1638619619710
USER	Delete User	START	1638619619710
USER	Get User	START	1638619619710
REQUEST		Post User	1638619619053	1638619619737	KO	status.find.in(200,201,202,203,204,205,206,207,208,209,304), found 503
USER	Post User	END	1638619619738
REQUEST		Post User	1638619618132	1638619619738	OK	 
REQUEST		Post User	1638619618715	1638619619752	KO	status.find.in(200,201,202,203,204,205,206,207,208,209,304), found 503
USER	Get User	END	1638619619753
REQUEST		Post User	1638619618712	1638619619810	KO	status.find.in(200,201,202,203,204,205,206,207,208,209,304), found 503
USER	Post User	END	1638619619811
REQUEST		Delete User	1638619618734	1638619619833	OK	 
USER	Delete User	END	1638619619834
REQUEST		Post User	1638619617884	1638619619934	OK	 
REQUEST		Post User	1638619618382	1638619620032	OK	 
USER	Post User	START	1638619620048
USER	Put User	START	1638619620054
USER	Delete User	START	1638619620054
USER	Get User	START	1638619620054
REQUEST		Post User	1638619619383	1638619620060	KO	status.find.in(200,201,202,203,204,205,206,207,208,209,304), found 503
USER	Post User	END	1638619620061
REQUEST		Put User	1638619619032	1638619620133	OK	 
USER	Put User	END	1638619620134
REQUEST		Delete User	1638619619935	1638619620167	KO	status.find.in(200,201,202,203,204,205,206,207,208,209,304), found 503
USER	Delete User	END	1638619620168
REQUEST		Get User	1638619620033	1638619620201	KO	status.find.in(200,201,202,203,204,205,206,207,208,209,304), found 503
USER	Get User	END	1638619620202
REQUEST		Post User	1638619618132	1638619620234	OK	 
REQUEST		Get User	1638619619135	1638619620332	OK	 
USER	Get User	END	1638619620333
USER	Delete User	START	1638619620382
USER	Put User	START	1638619620382
USER	Get User	START	1638619620382
USER	Post User	START	1638619620382
REQUEST		Post User	1638619618384	1638619620449	OK	 
USER	Post User	END	1638619620450
REQUEST		Get User	1638619620235	1638619620509	KO	status.find.in(200,201,202,203,204,205,206,207,208,209,304), found 503
USER	Get User	END	1638619620510
REQUEST		Delete User	1638619619332	1638619620536	OK	 
USER	Delete User	END	1638619620537
USER	Put User	START	1638619620632
USER	Get User	START	1638619620632
USER	Post User	START	1638619620632
USER	Delete User	START	1638619620634
REQUEST		Put User	1638619619436	1638619620640	OK	 
USER	Put User	END	1638619620641
REQUEST		Post User	1638619619054	1638619620733	OK	 
REQUEST		Put User	1638619619739	1638619620840	OK	 
USER	Put User	END	1638619620841
USER	Delete User	START	1638619620876
USER	Get User	START	1638619620882
USER	Post User	START	1638619620883
USER	Put User	START	1638619620884
REQUEST		Post User	1638619620054	1638619620896	KO	status.find.in(200,201,202,203,204,205,206,207,208,209,304), found 503
USER	Delete User	END	1638619620898
REQUEST		Get User	1638619620734	1638619620901	KO	status.find.in(200,201,202,203,204,205,206,207,208,209,304), found 503
USER	Get User	END	1638619620902
REQUEST		Post User	1638619620054	1638619620905	KO	status.find.in(200,201,202,203,204,205,206,207,208,209,304), found 503
USER	Get User	END	1638619620906
REQUEST		Post User	1638619618382	1638619620941	OK	 
REQUEST		Post User	1638619619383	1638619621040	OK	 
REQUEST		Post User	1638619620383	1638619621062	KO	status.find.in(200,201,202,203,204,205,206,207,208,209,304), found 503
USER	Delete User	END	1638619621063
REQUEST		Post User	1638619620383	1638619621065	KO	status.find.in(200,201,202,203,204,205,206,207,208,209,304), found 503
USER	Put User	END	1638619621066
REQUEST		Post User	1638619620383	1638619621076	KO	status.find.in(200,201,202,203,204,205,206,207,208,209,304), found 503
USER	Post User	END	1638619621076
USER	Put User	START	1638619621132
USER	Post User	START	1638619621132
USER	Delete User	START	1638619621132
REQUEST		Post User	1638619619055	1638619621133	OK	 
USER	Get User	START	1638619621132
REQUEST		Put User	1638619620942	1638619621206	KO	status.find.in(200,201,202,203,204,205,206,207,208,209,304), found 503
USER	Put User	END	1638619621207
REQUEST		Delete User	1638619621041	1638619621212	KO	status.find.in(200,201,202,203,204,205,206,207,208,209,304), found 503
USER	Delete User	END	1638619621213
REQUEST		Post User	1638619619711	1638619621234	OK	 
REQUEST		Post User	1638619619383	1638619621338	OK	 
USER	Get User	START	1638619621398
USER	Post User	START	1638619621398
USER	Put User	START	1638619621401
REQUEST		Delete User	1638619621235	1638619621404	KO	status.find.in(200,201,202,203,204,205,206,207,208,209,304), found 503
USER	Delete User	START	1638619621402
REQUEST		Put User	1638619621135	1638619621407	KO	status.find.in(200,201,202,203,204,205,206,207,208,209,304), found 503
USER	Delete User	END	1638619621407
USER	Put User	END	1638619621408
REQUEST		Post User	1638619619384	1638619621437	OK	 
REQUEST		Post User	1638619619712	1638619621533	OK	 
REQUEST		Post User	1638619620883	1638619621565	KO	status.find.in(200,201,202,203,204,205,206,207,208,209,304), found 503
USER	Get User	END	1638619621566
REQUEST		Post User	1638619620884	1638619621572	KO	status.find.in(200,201,202,203,204,205,206,207,208,209,304), found 503
USER	Put User	END	1638619621573
REQUEST		Get User	1638619621340	1638619621612	KO	status.find.in(200,201,202,203,204,205,206,207,208,209,304), found 503
USER	Get User	END	1638619621613
REQUEST		Post User	1638619619711	1638619621640	OK	 
USER	Put User	START	1638619621710
USER	Get User	START	1638619621710
REQUEST		Put User	1638619621438	1638619621712	KO	status.find.in(200,201,202,203,204,205,206,207,208,209,304), found 503
USER	Put User	END	1638619621713
USER	Post User	START	1638619621712
USER	Delete User	START	1638619621726
REQUEST		Post User	1638619620054	1638619621735	OK	 
REQUEST		Post User	1638619621134	1638619621813	KO	status.find.in(200,201,202,203,204,205,206,207,208,209,304), found 503
USER	Get User	END	1638619621814
REQUEST		Post User	1638619619711	1638619621835	OK	 
USER	Post User	END	1638619621836
REQUEST		Put User	1638619621736	1638619621908	KO	status.find.in(200,201,202,203,204,205,206,207,208,209,304), found 503
USER	Put User	END	1638619621909
REQUEST		Put User	1638619621641	1638619621912	KO	status.find.in(200,201,202,203,204,205,206,207,208,209,304), found 503
USER	Put User	END	1638619621913
REQUEST		Post User	1638619620049	1638619621934	OK	 
USER	Post User	END	1638619621935
REQUEST		Post User	1638619620383	1638619622036	OK	 
USER	Get User	START	1638619622054
USER	Put User	START	1638619622054
USER	Delete User	START	1638619622055
USER	Post User	START	1638619622055
REQUEST		Post User	1638619619056	1638619622131	OK	 
REQUEST		Get User	1638619622037	1638619622202	KO	status.find.in(200,201,202,203,204,205,206,207,208,209,304), found 503
USER	Get User	END	1638619622203
REQUEST		Post User	1638619620633	1638619622234	OK	 
REQUEST		Post User	1638619621399	1638619622247	KO	status.find.in(200,201,202,203,204,205,206,207,208,209,304), found 503
USER	Get User	END	1638619622249
REQUEST		Post User	1638619620634	1638619622331	OK	 
USER	Get User	START	1638619622382
USER	Put User	START	1638619622382
USER	Delete User	START	1638619622384
USER	Post User	START	1638619622384
REQUEST		Post User	1638619621712	1638619622386	KO	status.find.in(200,201,202,203,204,205,206,207,208,209,304), found 503
USER	Post User	END	1638619622387
REQUEST		Post User	1638619621711	1638619622395	KO	status.find.in(200,201,202,203,204,205,206,207,208,209,304), found 503
USER	Put User	END	1638619622397
REQUEST		Put User	1638619622235	1638619622401	KO	status.find.in(200,201,202,203,204,205,206,207,208,209,304), found 503
REQUEST		Delete User	1638619622132	1638619622401	KO	status.find.in(200,201,202,203,204,205,206,207,208,209,304), found 503
USER	Put User	END	1638619622402
USER	Delete User	END	1638619622402
REQUEST		Post User	1638619620632	1638619622433	OK	 
USER	Post User	END	1638619622434
REQUEST		Post User	1638619621402	1638619622487	KO	status.find.in(200,201,202,203,204,205,206,207,208,209,304), found 503
USER	Put User	END	1638619622489
REQUEST		Get User	1638619622332	1638619622506	KO	status.find.in(200,201,202,203,204,205,206,207,208,209,304), found 503
USER	Get User	END	1638619622508
REQUEST		Post User	1638619620877	1638619622532	OK	 
REQUEST		Post User	1638619620635	1638619622633	OK	 
USER	Get User	START	1638619622710
USER	Post User	START	1638619622710
USER	Put User	START	1638619622710
USER	Delete User	START	1638619622712
REQUEST		Get User	1638619621535	1638619622727	OK	 
USER	Get User	END	1638619622728
REQUEST		Post User	1638619621726	1638619622812	KO	status.find.in(200,201,202,203,204,205,206,207,208,209,304), found 503
USER	Delete User	END	1638619622813
REQUEST		Post User	1638619621132	1638619622838	OK	 
REQUEST		Delete User	1638619622634	1638619622900	KO	status.find.in(200,201,202,203,204,205,206,207,208,209,304), found 503
USER	Delete User	END	1638619622901
REQUEST		Post User	1638619620883	1638619622939	OK	 
USER	Post User	END	1638619622940
REQUEST		Post User	1638619621402	1638619623035	OK	 
USER	Put User	START	1638619623054
USER	Get User	START	1638619623054
USER	Delete User	START	1638619623055
USER	Post User	START	1638619623056
REQUEST		Post User	1638619622384	1638619623062	KO	status.find.in(200,201,202,203,204,205,206,207,208,209,304), found 503
USER	Post User	END	1638619623063
REQUEST		Post User	1638619622384	1638619623063	KO	status.find.in(200,201,202,203,204,205,206,207,208,209,304), found 503
USER	Delete User	END	1638619623064
REQUEST		Post User	1638619621133	1638619623132	OK	 
USER	Post User	END	1638619623133
REQUEST		Delete User	1638619623036	1638619623205	KO	status.find.in(200,201,202,203,204,205,206,207,208,209,304), found 503
USER	Delete User	END	1638619623206
REQUEST		Post User	1638619621132	1638619623246	OK	 
REQUEST		Post User	1638619621711	1638619623333	OK	 
USER	Post User	START	1638619623382
USER	Delete User	START	1638619623382
USER	Put User	START	1638619623382
USER	Get User	START	1638619623384
REQUEST		Post User	1638619621399	1638619623434	OK	 
USER	Post User	END	1638619623435
REQUEST		Get User	1638619623334	1638619623500	KO	status.find.in(200,201,202,203,204,205,206,207,208,209,304), found 503
USER	Get User	END	1638619623501
REQUEST		Delete User	1638619622533	1638619623536	OK	 
USER	Delete User	END	1638619623537
USER	Post User	START	1638619623632
USER	Delete User	START	1638619623632
USER	Put User	START	1638619623633
USER	Get User	START	1638619623633
REQUEST		Post User	1638619622056	1638619623635	OK	 
REQUEST		Post User	1638619622054	1638619623735	OK	 
REQUEST		Post User	1638619623054	1638619623774	KO	status.find.in(200,201,202,203,204,205,206,207,208,209,304), found 503
USER	Put User	END	1638619623775
REQUEST		Post User	1638619622711	1638619623786	KO	status.find.in(200,201,202,203,204,205,206,207,208,209,304), found 503
USER	Post User	END	1638619623787
REQUEST		Delete User	1638619623636	1638619623802	KO	status.find.in(200,201,202,203,204,205,206,207,208,209,304), found 503
USER	Delete User	END	1638619623803
REQUEST		Post User	1638619622056	1638619623840	OK	 
USER	Post User	END	1638619623841
USER	Post User	START	1638619623882
USER	Delete User	START	1638619623882
USER	Put User	START	1638619623883
USER	Get User	START	1638619623883
REQUEST		Put User	1638619622839	1638619623936	OK	 
USER	Put User	END	1638619623937
REQUEST		Post User	1638619622382	1638619624036	OK	 
REQUEST		Post User	1638619623384	1638619624052	KO	status.find.in(200,201,202,203,204,205,206,207,208,209,304), found 503
USER	Get User	END	1638619624053
REQUEST		Post User	1638619623383	1638619624059	KO	status.find.in(200,201,202,203,204,205,206,207,208,209,304), found 503
USER	Delete User	END	1638619624060
REQUEST		Post User	1638619623384	1638619624065	KO	status.find.in(200,201,202,203,204,205,206,207,208,209,304), found 503
USER	Put User	END	1638619624067
USER	Put User	START	1638619624132
USER	Delete User	START	1638619624132
USER	Get User	START	1638619624133
USER	Post User	START	1638619624133
REQUEST		Post User	1638619622054	1638619624144	OK	 
REQUEST		Put User	1638619624037	1638619624204	KO	status.find.in(200,201,202,203,204,205,206,207,208,209,304), found 503
USER	Put User	END	1638619624205
REQUEST		Post User	1638619622712	1638619624242	OK	 
REQUEST		Post User	1638619623632	1638619624310	KO	status.find.in(200,201,202,203,204,205,206,207,208,209,304), found 503
USER	Delete User	END	1638619624311
REQUEST		Post User	1638619622711	1638619624338	OK	 
USER	Delete User	START	1638619624382
USER	Put User	START	1638619624382
USER	Get User	START	1638619624383
USER	Post User	START	1638619624383
REQUEST		Put User	1638619624243	1638619624411	KO	status.find.in(200,201,202,203,204,205,206,207,208,209,304), found 503
USER	Put User	END	1638619624412
REQUEST		Put User	1638619624145	1638619624416	KO	status.find.in(200,201,202,203,204,205,206,207,208,209,304), found 503
USER	Put User	END	1638619624417
REQUEST		Post User	1638619622712	1638619624443	OK	 
REQUEST		Delete User	1638619623247	1638619624539	OK	 
USER	Delete User	END	1638619624540
REQUEST		Post User	1638619623056	1638619624639	OK	 
USER	Post User	END	1638619624640
USER	Post User	START	1638619624710
USER	Delete User	START	1638619624710
USER	Get User	START	1638619624710
USER	Put User	START	1638619624710
REQUEST		Post User	1638619623055	1638619624736	OK	 
REQUEST		Post User	1638619623884	1638619624782	KO	status.find.in(200,201,202,203,204,205,206,207,208,209,304), found 503
USER	Get User	END	1638619624783
REQUEST		Post User	1638619624134	1638619624806	KO	status.find.in(200,201,202,203,204,205,206,207,208,209,304), found 503
USER	Get User	END	1638619624807
REQUEST		Get User	1638619623736	1638619624835	OK	 
USER	Get User	END	1638619624836
REQUEST		Post User	1638619624132	1638619624905	KO	status.find.in(200,201,202,203,204,205,206,207,208,209,304), found 503
USER	Delete User	END	1638619624906
REQUEST		Delete User	1638619624737	1638619624909	KO	status.find.in(200,201,202,203,204,205,206,207,208,209,304), found 503
USER	Delete User	END	1638619624910
REQUEST		Post User	1638619622382	1638619624938	OK	 
REQUEST		Post User	1638619623382	1638619625044	OK	 
USER	Post User	END	1638619625045
USER	Get User	START	1638619625054
USER	Post User	START	1638619625054
USER	Delete User	START	1638619625054
USER	Put User	START	1638619625054
REQUEST		Post User	1638619624382	1638619625067	KO	status.find.in(200,201,202,203,204,205,206,207,208,209,304), found 503
USER	Delete User	END	1638619625068
REQUEST		Post User	1638619623055	1638619625141	OK	 
REQUEST		Post User	1638619624382	1638619625174	KO	status.find.in(200,201,202,203,204,205,206,207,208,209,304), found 503
USER	Put User	END	1638619625175
REQUEST		Post User	1638619624384	1638619625228	KO	status.find.in(200,201,202,203,204,205,206,207,208,209,304), found 503
USER	Post User	END	1638619625229
REQUEST		Post User	1638619623632	1638619625234	OK	 
USER	Post User	END	1638619625256
REQUEST		Post User	1638619623633	1638619625292	KO	status.find.in(200,201,202,203,204,205,206,207,208,209,304), found 503
USER	Put User	END	1638619625294
REQUEST		Post User	1638619623634	1638619625334	OK	 
USER	Delete User	START	1638619625382
USER	Post User	START	1638619625382
USER	Put User	START	1638619625382
USER	Get User	START	1638619625382
REQUEST		Get User	1638619625142	1638619625414	KO	status.find.in(200,201,202,203,204,205,206,207,208,209,304), found 503
USER	Get User	END	1638619625415
REQUEST		Get User	1638619624339	1638619625432	OK	 
USER	Get User	END	1638619625433
REQUEST		Post User	1638619623884	1638619625537	OK	 
REQUEST		Post User	1638619624711	1638619625555	KO	status.find.in(200,201,202,203,204,205,206,207,208,209,304), found 503
USER	Put User	END	1638619625556
REQUEST		Post User	1638619624710	1638619625567	KO	status.find.in(200,201,202,203,204,205,206,207,208,209,304), found 503
USER	Get User	END	1638619625568
REQUEST		Delete User	1638619624445	1638619625641	OK	 
USER	Delete User	END	1638619625641
USER	Put User	START	1638619625710
USER	Post User	START	1638619625710
USER	Delete User	START	1638619625710
USER	Get User	START	1638619625711
REQUEST		Post User	1638619623882	1638619625737	OK	 
REQUEST		Post User	1638619624134	1638619625839	OK	 
USER	Post User	END	1638619625840
REQUEST		Post User	1638619623882	1638619625937	OK	 
USER	Post User	END	1638619625938
REQUEST		Delete User	1638619625738	1638619625960	KO	status.find.in(200,201,202,203,204,205,206,207,208,209,304), found 503
USER	Delete User	END	1638619625961
REQUEST		Post User	1638619624384	1638619626040	OK	 
USER	Post User	START	1638619626048
USER	Get User	START	1638619626054
USER	Put User	START	1638619626054
USER	Delete User	START	1638619626054
REQUEST		Get User	1638619624939	1638619626137	OK	 
USER	Get User	END	1638619626138
REQUEST		Get User	1638619626040	1638619626208	KO	status.find.in(200,201,202,203,204,205,206,207,208,209,304), found 503
USER	Get User	END	1638619626209
REQUEST		Post User	1638619625382	1638619626209	KO	status.find.in(200,201,202,203,204,205,206,207,208,209,304), found 503
USER	Post User	END	1638619626210
REQUEST		Post User	1638619625382	1638619626211	KO	status.find.in(200,201,202,203,204,205,206,207,208,209,304), found 503
USER	Put User	END	1638619626212
REQUEST		Post User	1638619624132	1638619626241	OK	 
REQUEST		Post User	1638619624711	1638619626338	OK	 
USER	Put User	START	1638619626382
USER	Delete User	START	1638619626382
USER	Post User	START	1638619626382
USER	Get User	START	1638619626382
REQUEST		Post User	1638619624710	1638619626438	OK	 
USER	Post User	END	1638619626439
REQUEST		Put User	1638619626242	1638619626509	KO	status.find.in(200,201,202,203,204,205,206,207,208,209,304), found 503
USER	Put User	END	1638619626509
REQUEST		Get User	1638619625335	1638619626530	OK	 
USER	Get User	END	1638619626531
REQUEST		Post User	1638619625711	1638619626622	KO	status.find.in(200,201,202,203,204,205,206,207,208,209,304), found 503
USER	Put User	END	1638619626623
USER	Put User	START	1638619626632
USER	Get User	START	1638619626632
USER	Post User	START	1638619626633
USER	Delete User	START	1638619626633
REQUEST		Put User	1638619625538	1638619626638	OK	 
USER	Put User	END	1638619626639
REQUEST		Post User	1638619626054	1638619626731	KO	status.find.in(200,201,202,203,204,205,206,207,208,209,304), found 503
USER	Put User	END	1638619626732
REQUEST		Post User	1638619626054	1638619626732	KO	status.find.in(200,201,202,203,204,205,206,207,208,209,304), found 503
USER	Delete User	END	1638619626733
REQUEST		Post User	1638619625054	1638619626740	OK	 
REQUEST		Post User	1638619625055	1638619626832	OK	 
USER	Post User	END	1638619626833
USER	Get User	START	1638619626882
USER	Put User	START	1638619626882
USER	Delete User	START	1638619626883
USER	Post User	START	1638619626883
REQUEST		Post User	1638619625054	1638619626942	OK	 
REQUEST		Post User	1638619625382	1638619627038	OK	 
REQUEST		Post User	1638619626382	1638619627055	KO	status.find.in(200,201,202,203,204,205,206,207,208,209,304), found 503
USER	Post User	END	1638619627056
REQUEST		Post User	1638619626382	1638619627059	KO	status.find.in(200,201,202,203,204,205,206,207,208,209,304), found 503
USER	Get User	END	1638619627061
USER	Put User	START	1638619627132
USER	Get User	START	1638619627132
USER	Post User	START	1638619627133
USER	Delete User	START	1638619627133
REQUEST		Post User	1638619625054	1638619627138	OK	 
REQUEST		Delete User	1638619627040	1638619627212	KO	status.find.in(200,201,202,203,204,205,206,207,208,209,304), found 503
USER	Delete User	END	1638619627213
REQUEST		Post User	1638619625383	1638619627238	OK	 
REQUEST		Post User	1638619626632	1638619627301	KO	status.find.in(200,201,202,203,204,205,206,207,208,209,304), found 503
USER	Get User	END	1638619627303
REQUEST		Post User	1638619626633	1638619627303	KO	status.find.in(200,201,202,203,204,205,206,207,208,209,304), found 503
USER	Delete User	END	1638619627304
REQUEST		Post User	1638619626632	1638619627313	KO	status.find.in(200,201,202,203,204,205,206,207,208,209,304), found 503
USER	Put User	END	1638619627314
REQUEST		Post User	1638619625711	1638619627335	OK	 
USER	Get User	START	1638619627382
USER	Put User	START	1638619627382
USER	Post User	START	1638619627383
USER	Delete User	START	1638619627383
REQUEST		Delete User	1638619626339	1638619627441	OK	 
USER	Delete User	END	1638619627442
REQUEST		Post User	1638619626633	1638619627493	KO	status.find.in(200,201,202,203,204,205,206,207,208,209,304), found 503
USER	Post User	END	1638619627493
REQUEST		Delete User	1638619627336	1638619627503	KO	status.find.in(200,201,202,203,204,205,206,207,208,209,304), found 503
USER	Delete User	END	1638619627504
REQUEST		Post User	1638619625711	1638619627541	OK	 
USER	Post User	END	1638619627542
REQUEST		Post User	1638619626882	1638619627561	KO	status.find.in(200,201,202,203,204,205,206,207,208,209,304), found 503
USER	Put User	END	1638619627562
REQUEST		Post User	1638619625712	1638619627643	OK	 
USER	Put User	START	1638619627710
USER	Get User	START	1638619627710
USER	Delete User	START	1638619627710
USER	Post User	START	1638619627710
REQUEST		Post User	1638619626048	1638619627748	OK	 
USER	Post User	END	1638619627749
REQUEST		Delete User	1638619626741	1638619627843	OK	 
USER	Delete User	END	1638619627843
REQUEST		Post User	1638619626054	1638619627952	OK	 
REQUEST		Post User	1638619626882	1638619627954	KO	status.find.in(200,201,202,203,204,205,206,207,208,209,304), found 503
USER	Get User	END	1638619627955
REQUEST		Post User	1638619626382	1638619628037	OK	 
USER	Post User	START	1638619628054
USER	Put User	START	1638619628054
USER	Get User	START	1638619628054
USER	Delete User	START	1638619628055
REQUEST		Post User	1638619627384	1638619628056	KO	status.find.in(200,201,202,203,204,205,206,207,208,209,304), found 503
USER	Post User	END	1638619628057
REQUEST		Post User	1638619627382	1638619628072	KO	status.find.in(200,201,202,203,204,205,206,207,208,209,304), found 503
USER	Put User	END	1638619628073
REQUEST		Get User	1638619626942	1638619628131	OK	 
USER	Get User	END	1638619628132
REQUEST		Post User	1638619627132	1638619628197	KO	status.find.in(200,201,202,203,204,205,206,207,208,209,304), found 503
USER	Put User	END	1638619628198
REQUEST		Delete User	1638619628038	1638619628204	KO	status.find.in(200,201,202,203,204,205,206,207,208,209,304), found 503
USER	Delete User	END	1638619628205
REQUEST		Post User	1638619626382	1638619628248	OK	 
REQUEST		Put User	1638619627139	1638619628336	OK	 
USER	Put User	END	1638619628337
USER	Get User	START	1638619628382
USER	Delete User	START	1638619628382
USER	Put User	START	1638619628382
USER	Post User	START	1638619628382
REQUEST		Post User	1638619627710	1638619628406	KO	status.find.in(200,201,202,203,204,205,206,207,208,209,304), found 503
USER	Put User	END	1638619628407
REQUEST		Post User	1638619627382	1638619628409	KO	status.find.in(200,201,202,203,204,205,206,207,208,209,304), found 503
USER	Get User	END	1638619628410
REQUEST		Post User	1638619627384	1638619628414	KO	status.find.in(200,201,202,203,204,205,206,207,208,209,304), found 503
USER	Delete User	END	1638619628415
REQUEST		Get User	1638619627239	1638619628434	OK	 
USER	Get User	END	1638619628435
REQUEST		Post User	1638619626883	1638619628537	OK	 
REQUEST		Post User	1638619627132	1638619628640	OK	 
USER	Get User	START	1638619628710
USER	Put User	START	1638619628710
USER	Post User	START	1638619628711
USER	Delete User	START	1638619628710
REQUEST		Post User	1638619627133	1638619628737	OK	 
USER	Post User	END	1638619628738
REQUEST		Post User	1638619627710	1638619628764	KO	status.find.in(200,201,202,203,204,205,206,207,208,209,304), found 503
USER	Get User	END	1638619628766
REQUEST		Get User	1638619628641	1638619628810	KO	status.find.in(200,201,202,203,204,205,206,207,208,209,304), found 503
USER	Get User	END	1638619628811
REQUEST		Get User	1638619627644	1638619628833	OK	 
USER	Get User	END	1638619628834
REQUEST		Post User	1638619626883	1638619628940	OK	 
USER	Post User	END	1638619628940
REQUEST		Post User	1638619627133	1638619629037	OK	 
USER	Delete User	START	1638619629054
USER	Post User	START	1638619629054
USER	Get User	START	1638619629054
USER	Put User	START	1638619629054
REQUEST		Get User	1638619627953	1638619629136	OK	 
USER	Get User	END	1638619629137
REQUEST		Post User	1638619627710	1638619629234	OK	 
REQUEST		Post User	1638619627710	1638619629340	OK	 
USER	Post User	END	1638619629340
USER	Delete User	START	1638619629382
USER	Get User	START	1638619629382
USER	Put User	START	1638619629382
USER	Post User	START	1638619629382
REQUEST		Post User	1638619628710	1638619629397	KO	status.find.in(200,201,202,203,204,205,206,207,208,209,304), found 503
USER	Put User	END	1638619629398
REQUEST		Delete User	1638619629235	1638619629404	KO	status.find.in(200,201,202,203,204,205,206,207,208,209,304), found 503
USER	Delete User	END	1638619629405
REQUEST		Put User	1638619628250	1638619629435	OK	 
USER	Put User	END	1638619629436
REQUEST		Post User	1638619628382	1638619629484	KO	status.find.in(200,201,202,203,204,205,206,207,208,209,304), found 503
USER	Post User	END	1638619629485
REQUEST		Delete User	1638619628538	1638619629536	OK	 
USER	Delete User	END	1638619629537
USER	Get User	START	1638619629632
USER	Post User	START	1638619629632
USER	Put User	START	1638619629633
USER	Delete User	START	1638619629633
REQUEST		Post User	1638619628054	1638619629636	OK	 
USER	Post User	END	1638619629637
REQUEST		Post User	1638619628054	1638619629735	OK	 
REQUEST		Post User	1638619628711	1638619629805	KO	status.find.in(200,201,202,203,204,205,206,207,208,209,304), found 503
USER	Post User	END	1638619629806
REQUEST		Post User	1638619628056	1638619629840	OK	 
USER	Get User	START	1638619629882
USER	Post User	START	1638619629882
USER	Put User	START	1638619629883
USER	Delete User	START	1638619629883
REQUEST		Post User	1638619628054	1638619629936	OK	 
REQUEST		Post User	1638619629055	1638619629983	KO	status.find.in(200,201,202,203,204,205,206,207,208,209,304), found 503
USER	Put User	END	1638619629984
REQUEST		Delete User	1638619629038	1638619630039	OK	 
USER	Delete User	END	1638619630040
REQUEST		Delete User	1638619629841	1638619630065	KO	status.find.in(200,201,202,203,204,205,206,207,208,209,304), found 503
USER	Delete User	END	1638619630066
USER	Post User	START	1638619630132
USER	Get User	START	1638619630132
USER	Delete User	START	1638619630133
USER	Put User	START	1638619630133
REQUEST		Post User	1638619628383	1638619630138	OK	 
REQUEST		Post User	1638619628382	1638619630237	OK	 
REQUEST		Post User	1638619629382	1638619630281	KO	status.find.in(200,201,202,203,204,205,206,207,208,209,304), found 503
USER	Get User	END	1638619630282
REQUEST		Post User	1638619629633	1638619630312	KO	status.find.in(200,201,202,203,204,205,206,207,208,209,304), found 503
USER	Delete User	END	1638619630313
REQUEST		Post User	1638619628711	1638619630335	OK	 
USER	Post User	START	1638619630382
USER	Get User	START	1638619630382
USER	Delete User	START	1638619630383
USER	Put User	START	1638619630383
REQUEST		Post User	1638619628382	1638619630433	OK	 
REQUEST		Post User	1638619629384	1638619630466	KO	status.find.in(200,201,202,203,204,205,206,207,208,209,304), found 503
USER	Post User	END	1638619630467
REQUEST		Get User	1638619630336	1638619630502	KO	status.find.in(200,201,202,203,204,205,206,207,208,209,304), found 503
REQUEST		Post User	1638619629633	1638619630502	KO	status.find.in(200,201,202,203,204,205,206,207,208,209,304), found 503
USER	Get User	END	1638619630503
USER	Put User	END	1638619630503
REQUEST		Post User	1638619628710	1638619630534	OK	 
REQUEST		Post User	1638619629882	1638619630559	KO	status.find.in(200,201,202,203,204,205,206,207,208,209,304), found 503
USER	Get User	END	1638619630560
REQUEST		Post User	1638619629883	1638619630564	KO	status.find.in(200,201,202,203,204,205,206,207,208,209,304), found 503
USER	Delete User	END	1638619630565
REQUEST		Post User	1638619629883	1638619630571	KO	status.find.in(200,201,202,203,204,205,206,207,208,209,304), found 503
USER	Put User	END	1638619630572
REQUEST		Post User	1638619629054	1638619630634	OK	 
USER	Put User	START	1638619630710
USER	Get User	START	1638619630710
USER	Post User	START	1638619630710
USER	Delete User	START	1638619630710
REQUEST		Delete User	1638619630534	1638619630731	KO	status.find.in(200,201,202,203,204,205,206,207,208,209,304), found 503
USER	Delete User	END	1638619630732
REQUEST		Post User	1638619629055	1638619630734	OK	 
REQUEST		Delete User	1638619630635	1638619630812	KO	status.find.in(200,201,202,203,204,205,206,207,208,209,304), found 503
USER	Delete User	END	1638619630813
REQUEST		Post User	1638619630132	1638619630819	KO	status.find.in(200,201,202,203,204,205,206,207,208,209,304), found 503
USER	Post User	END	1638619630820
REQUEST		Get User	1638619629736	1638619630835	OK	 
USER	Get User	END	1638619630836
REQUEST		Post User	1638619629054	1638619630935	OK	 
USER	Post User	END	1638619630935
REQUEST		Post User	1638619630133	1638619630951	KO	status.find.in(200,201,202,203,204,205,206,207,208,209,304), found 503
USER	Delete User	END	1638619630952
REQUEST		Post User	1638619630132	1638619631012	KO	status.find.in(200,201,202,203,204,205,206,207,208,209,304), found 503
USER	Get User	END	1638619631013
REQUEST		Post User	1638619629382	1638619631038	OK	 
USER	Put User	START	1638619631041
USER	Post User	START	1638619631050
USER	Delete User	START	1638619631054
USER	Get User	START	1638619631054
REQUEST		Post User	1638619630384	1638619631068	KO	status.find.in(200,201,202,203,204,205,206,207,208,209,304), found 503
USER	Put User	END	1638619631069
REQUEST		Put User	1638619629937	1638619631138	OK	 
USER	Put User	END	1638619631139
REQUEST		Post User	1638619629383	1638619631233	OK	 
REQUEST		Put User	1638619630139	1638619631344	OK	 
USER	Put User	END	1638619631344
USER	Post User	START	1638619631382
USER	Get User	START	1638619631382
USER	Put User	START	1638619631382
USER	Delete User	START	1638619631382
REQUEST		Get User	1638619630238	1638619631439	OK	 
USER	Get User	END	1638619631439
REQUEST		Post User	1638619630710	1638619631481	KO	status.find.in(200,201,202,203,204,205,206,207,208,209,304), found 503
USER	Post User	END	1638619631482
REQUEST		Post User	1638619629632	1638619631533	OK	 
USER	Post User	END	1638619631534
REQUEST		Post User	1638619630711	1638619631556	KO	status.find.in(200,201,202,203,204,205,206,207,208,209,304), found 503
USER	Put User	END	1638619631557
REQUEST		Post User	1638619629882	1638619631576	KO	status.find.in(200,201,202,203,204,205,206,207,208,209,304), found 503
USER	Post User	END	1638619631577
REQUEST		Delete User	1638619630434	1638619631637	OK	 
USER	Delete User	END	1638619631638
USER	Get User	START	1638619631710
USER	Put User	START	1638619631710
USER	Post User	START	1638619631710
USER	Delete User	START	1638619631710
REQUEST		Post User	1638619629632	1638619631743	OK	 
REQUEST		Get User	1638619630735	1638619631831	OK	 
USER	Get User	END	1638619631832
REQUEST		Post User	1638619630133	1638619631935	OK	 
REQUEST		Post User	1638619630382	1638619632035	OK	 
USER	Post User	START	1638619632054
USER	Get User	START	1638619632054
USER	Delete User	START	1638619632054
USER	Put User	START	1638619632054
REQUEST		Post User	1638619631382	1638619632078	KO	status.find.in(200,201,202,203,204,205,206,207,208,209,304), found 503
USER	Delete User	END	1638619632080
REQUEST		Post User	1638619631054	1638619632129	KO	status.find.in(200,201,202,203,204,205,206,207,208,209,304), found 503
USER	Get User	END	1638619632130
REQUEST		Delete User	1638619631039	1638619632140	OK	 
USER	Delete User	END	1638619632140
REQUEST		Put User	1638619631936	1638619632142	KO	status.find.in(200,201,202,203,204,205,206,207,208,209,304), found 503
USER	Put User	END	1638619632142
REQUEST		Get User	1638619632036	1638619632203	KO	status.find.in(200,201,202,203,204,205,206,207,208,209,304), found 503
USER	Get User	END	1638619632204
REQUEST		Post User	1638619631382	1638619632212	KO	status.find.in(200,201,202,203,204,205,206,207,208,209,304), found 503
USER	Put User	END	1638619632213
REQUEST		Post User	1638619630710	1638619632235	OK	 
REQUEST		Put User	1638619631234	1638619632335	OK	 
USER	Put User	END	1638619632335
USER	Get User	START	1638619632382
USER	Delete User	START	1638619632382
USER	Post User	START	1638619632382
USER	Put User	START	1638619632382
REQUEST		Post User	1638619630384	1638619632434	OK	 
REQUEST		Post User	1638619631711	1638619632532	KO	status.find.in(200,201,202,203,204,205,206,207,208,209,304), found 503
USER	Delete User	END	1638619632533
REQUEST		Post User	1638619630710	1638619632537	OK	 
USER	Put User	START	1638619632632
USER	Get User	START	1638619632632
USER	Post User	START	1638619632633
USER	Delete User	START	1638619632633
REQUEST		Post User	1638619631050	1638619632640	OK	 
USER	Post User	END	1638619632641
REQUEST		Get User	1638619632538	1638619632741	KO	status.find.in(200,201,202,203,204,205,206,207,208,209,304), found 503
USER	Get User	END	1638619632742
REQUEST		Post User	1638619632054	1638619632745	KO	status.find.in(200,201,202,203,204,205,206,207,208,209,304), found 503
USER	Put User	END	1638619632746
REQUEST		Post User	1638619631041	1638619632748	OK	 
REQUEST		Post User	1638619631710	1638619632763	KO	status.find.in(200,201,202,203,204,205,206,207,208,209,304), found 503
USER	Post User	END	1638619632764
REQUEST		Post User	1638619632054	1638619632776	KO	status.find.in(200,201,202,203,204,205,206,207,208,209,304), found 503
USER	Delete User	END	1638619632778
REQUEST		Get User	1638619631744	1638619632831	OK	 
USER	Get User	END	1638619632831
USER	Put User	START	1638619632882
USER	Get User	START	1638619632882
USER	Delete User	START	1638619632883
USER	Post User	START	1638619632883
REQUEST		Post User	1638619631382	1638619632938	OK	 
USER	Post User	END	1638619632939
REQUEST		Post User	1638619631382	1638619633036	OK	 
REQUEST		Post User	1638619632382	1638619633082	KO	status.find.in(200,201,202,203,204,205,206,207,208,209,304), found 503
USER	Get User	END	1638619633083
USER	Put User	START	1638619633132
USER	Get User	START	1638619633132
USER	Post User	START	1638619633133
USER	Delete User	START	1638619633133
REQUEST		Post User	1638619631054	1638619633136	OK	 
REQUEST		Get User	1638619633037	1638619633206	KO	status.find.in(200,201,202,203,204,205,206,207,208,209,304), found 503
USER	Get User	END	1638619633207
REQUEST		Delete User	1638619632236	1638619633237	OK	 
USER	Delete User	END	1638619633237
REQUEST		Post User	1638619631710	1638619633338	OK	 
USER	Get User	START	1638619633382
USER	Put User	START	1638619633382
USER	Delete User	START	1638619633383
REQUEST		Post User	1638619632632	1638619633384	KO	status.find.in(200,201,202,203,204,205,206,207,208,209,304), found 503
USER	Post User	START	1638619633383
USER	Put User	END	1638619633385
REQUEST		Post User	1638619630382	1638619633442	OK	 
REQUEST		Post User	1638619632633	1638619633442	KO	status.find.in(200,201,202,203,204,205,206,207,208,209,304), found 503
USER	Post User	END	1638619633442
USER	Delete User	END	1638619633443
REQUEST		Get User	1638619633340	1638619633516	KO	status.find.in(200,201,202,203,204,205,206,207,208,209,304), found 503
USER	Get User	END	1638619633516
REQUEST		Post User	1638619631710	1638619633533	OK	 
REQUEST		Post User	1638619632633	1638619633581	KO	status.find.in(200,201,202,203,204,205,206,207,208,209,304), found 503
USER	Post User	END	1638619633582
REQUEST		Delete User	1638619632434	1638619633637	OK	 
USER	Delete User	END	1638619633637
REQUEST		Post User	1638619632884	1638619633703	KO	status.find.in(200,201,202,203,204,205,206,207,208,209,304), found 503
USER	Delete User	END	1638619633704
USER	Post User	START	1638619633710
USER	Put User	START	1638619633710
USER	Get User	START	1638619633710
USER	Delete User	START	1638619633710
REQUEST		Post User	1638619632054	1638619633738	OK	 
REQUEST		Post User	1638619632883	1638619633814	KO	status.find.in(200,201,202,203,204,205,206,207,208,209,304), found 503
USER	Post User	END	1638619633815
REQUEST		Post User	1638619633132	1638619633821	KO	status.find.in(200,201,202,203,204,205,206,207,208,209,304), found 503
USER	Put User	END	1638619633823
REQUEST		Put User	1638619632749	1638619633839	OK	 
USER	Put User	END	1638619633840
REQUEST		Post User	1638619632382	1638619633935	OK	 
REQUEST		Post User	1638619633132	1638619633959	KO	status.find.in(200,201,202,203,204,205,206,207,208,209,304), found 503
USER	Get User	END	1638619633960
REQUEST		Post User	1638619632054	1638619634043	OK	 
USER	Post User	END	1638619634044
USER	Delete User	START	1638619634054
USER	Get User	START	1638619634054
USER	Put User	START	1638619634054
USER	Post User	START	1638619634054
REQUEST		Post User	1638619633134	1638619634097	KO	status.find.in(200,201,202,203,204,205,206,207,208,209,304), found 503
USER	Post User	END	1638619634098
REQUEST		Put User	1638619633936	1638619634102	KO	status.find.in(200,201,202,203,204,205,206,207,208,209,304), found 503
USER	Put User	END	1638619634103
REQUEST		Post User	1638619632382	1638619634143	OK	 
REQUEST		Post User	1638619632382	1638619634239	OK	 
USER	Post User	END	1638619634240
REQUEST		Delete User	1638619633137	1638619634335	OK	 
USER	Delete User	END	1638619634335
REQUEST		Delete User	1638619634144	1638619634348	KO	status.find.in(200,201,202,203,204,205,206,207,208,209,304), found 503
USER	Delete User	END	1638619634349
USER	Delete User	START	1638619634382
USER	Get User	START	1638619634382
USER	Post User	START	1638619634382
USER	Put User	START	1638619634382
REQUEST		Post User	1638619633710	1638619634399	KO	status.find.in(200,201,202,203,204,205,206,207,208,209,304), found 503
USER	Get User	END	1638619634401
REQUEST		Post User	1638619632632	1638619634441	OK	 
REQUEST		Post User	1638619633711	1638619634475	KO	status.find.in(200,201,202,203,204,205,206,207,208,209,304), found 503
USER	Put User	END	1638619634476
REQUEST		Post User	1638619632882	1638619634537	OK	 
REQUEST		Post User	1638619632882	1638619634641	OK	 
USER	Delete User	START	1638619634710
USER	Post User	START	1638619634710
USER	Get User	START	1638619634721
USER	Put User	START	1638619634721
REQUEST		Post User	1638619634054	1638619634729	KO	status.find.in(200,201,202,203,204,205,206,207,208,209,304), found 503
USER	Delete User	END	1638619634730
REQUEST		Post User	1638619634054	1638619634730	KO	status.find.in(200,201,202,203,204,205,206,207,208,209,304), found 503
USER	Get User	END	1638619634732
REQUEST		Put User	1638619633533	1638619634734	OK	 
USER	Put User	END	1638619634735
REQUEST		Post User	1638619634055	1638619634790	KO	status.find.in(200,201,202,203,204,205,206,207,208,209,304), found 503
USER	Post User	END	1638619634791
REQUEST		Post User	1638619633134	1638619634834	OK	 
REQUEST		Get User	1638619633738	1638619634931	OK	 
USER	Get User	END	1638619634932
REQUEST		Post User	1638619633384	1638619635035	OK	 
USER	Put User	START	1638619635054
USER	Delete User	START	1638619635054
USER	Post User	START	1638619635054
USER	Get User	START	1638619635066
REQUEST		Post User	1638619633382	1638619635134	OK	 
REQUEST		Delete User	1638619635036	1638619635207	KO	status.find.in(200,201,202,203,204,205,206,207,208,209,304), found 503
USER	Delete User	END	1638619635208
REQUEST		Post User	1638619633382	1638619635239	OK	 
REQUEST		Post User	1638619633385	1638619635337	OK	 
USER	Post User	END	1638619635337
USER	Post User	START	1638619635382
USER	Delete User	START	1638619635382
USER	Get User	START	1638619635383
USER	Put User	START	1638619635382
REQUEST		Post User	1638619634722	1638619635397	KO	status.find.in(200,201,202,203,204,205,206,207,208,209,304), found 503
USER	Put User	END	1638619635398
REQUEST		Post User	1638619634710	1638619635403	KO	status.find.in(200,201,202,203,204,205,206,207,208,209,304), found 503
USER	Post User	END	1638619635403
REQUEST		Post User	1638619633710	1638619635437	OK	 
REQUEST		Post User	1638619634382	1638619635464	KO	status.find.in(200,201,202,203,204,205,206,207,208,209,304), found 503
USER	Put User	END	1638619635465
REQUEST		Post User	1638619634710	1638619635483	KO	status.find.in(200,201,202,203,204,205,206,207,208,209,304), found 503
USER	Delete User	END	1638619635484
REQUEST		Put User	1638619635240	1638619635512	KO	status.find.in(200,201,202,203,204,205,206,207,208,209,304), found 503
USER	Put User	END	1638619635513
REQUEST		Get User	1638619634442	1638619635534	OK	 
USER	Get User	END	1638619635535
USER	Get User	START	1638619635632
USER	Post User	START	1638619635632
USER	Put User	START	1638619635633
USER	Delete User	START	1638619635633
REQUEST		Post User	1638619633710	1638619635635	OK	 
USER	Post User	END	1638619635635
REQUEST		Put User	1638619634537	1638619635742	OK	 
USER	Put User	END	1638619635743
REQUEST		Post User	1638619635054	1638619635791	KO	status.find.in(200,201,202,203,204,205,206,207,208,209,304), found 503
USER	Delete User	END	1638619635792
REQUEST		Get User	1638619634642	1638619635834	OK	 
USER	Get User	END	1638619635834
USER	Get User	START	1638619635882
USER	Delete User	START	1638619635883
USER	Post User	START	1638619635897
USER	Put User	START	1638619635899
REQUEST		Delete User	1638619634835	1638619635935	OK	 
USER	Delete User	END	1638619635935
REQUEST		Post User	1638619634055	1638619636039	OK	 
REQUEST		Post User	1638619635383	1638619636076	KO	status.find.in(200,201,202,203,204,205,206,207,208,209,304), found 503
USER	Get User	END	1638619636077
REQUEST		Post User	1638619635382	1638619636101	KO	status.find.in(200,201,202,203,204,205,206,207,208,209,304), found 503
USER	Put User	END	1638619636103
REQUEST		Post User	1638619635382	1638619636106	KO	status.find.in(200,201,202,203,204,205,206,207,208,209,304), found 503
USER	Post User	END	1638619636106
USER	Post User	START	1638619636132
USER	Get User	START	1638619636132
USER	Delete User	START	1638619636133
USER	Put User	START	1638619636133
REQUEST		Post User	1638619634382	1638619636138	OK	 
REQUEST		Post User	1638619634383	1638619636243	OK	 
USER	Post User	END	1638619636244
REQUEST		Get User	1638619635135	1638619636334	OK	 
USER	Get User	END	1638619636334
REQUEST		Post User	1638619635633	1638619636347	KO	status.find.in(200,201,202,203,204,205,206,207,208,209,304), found 503
USER	Delete User	END	1638619636348
REQUEST		Post User	1638619635633	1638619636356	KO	status.find.in(200,201,202,203,204,205,206,207,208,209,304), found 503
USER	Put User	END	1638619636357
USER	Post User	START	1638619636382
USER	Get User	START	1638619636382
USER	Delete User	START	1638619636383
USER	Put User	START	1638619636383
REQUEST		Post User	1638619634382	1638619636435	OK	 
REQUEST		Delete User	1638619635438	1638619636534	OK	 
USER	Delete User	END	1638619636535
REQUEST		Post User	1638619635067	1638619636635	OK	 
REQUEST		Get User	1638619636436	1638619636708	KO	status.find.in(200,201,202,203,204,205,206,207,208,209,304), found 503
USER	Get User	END	1638619636709
USER	Put User	START	1638619636710
USER	Get User	START	1638619636710
USER	Post User	START	1638619636710
USER	Delete User	START	1638619636710
REQUEST		Post User	1638619635054	1638619636738	OK	 
REQUEST		Post User	1638619635887	1638619636769	KO	status.find.in(200,201,202,203,204,205,206,207,208,209,304), found 503
USER	Delete User	END	1638619636770
REQUEST		Get User	1638619636636	1638619636802	KO	status.find.in(200,201,202,203,204,205,206,207,208,209,304), found 503
USER	Get User	END	1638619636803
REQUEST		Post User	1638619636134	1638619636805	KO	status.find.in(200,201,202,203,204,205,206,207,208,209,304), found 503
USER	Put User	END	1638619636806
REQUEST		Post User	1638619636132	1638619636809	KO	status.find.in(200,201,202,203,204,205,206,207,208,209,304), found 503
USER	Post User	END	1638619636810
REQUEST		Post User	1638619636134	1638619636816	KO	status.find.in(200,201,202,203,204,205,206,207,208,209,304), found 503
USER	Delete User	END	1638619636817
REQUEST		Post User	1638619634722	1638619636839	OK	 
REQUEST		Post User	1638619635054	1638619636937	OK	 
USER	Post User	END	1638619636938
REQUEST		Post User	1638619635382	1638619637047	OK	 
USER	Put User	START	1638619637049
USER	Post User	START	1638619637054
USER	Get User	START	1638619637055
USER	Delete User	START	1638619637055
REQUEST		Post User	1638619635632	1638619637131	OK	 
USER	Post User	END	1638619637132
REQUEST		Post User	1638619636132	1638619637225	KO	status.find.in(200,201,202,203,204,205,206,207,208,209,304), found 503
USER	Get User	END	1638619637226
REQUEST		Put User	1638619636040	1638619637234	OK	 
USER	Put User	END	1638619637235
REQUEST		Post User	1638619636382	1638619637275	KO	status.find.in(200,201,202,203,204,205,206,207,208,209,304), found 503
USER	Post User	END	1638619637275
REQUEST		Delete User	1638619636139	1638619637336	OK	 
USER	Delete User	END	1638619637337
USER	Post User	START	1638619637382
USER	Put User	START	1638619637382
USER	Get User	START	1638619637382
USER	Delete User	START	1638619637383
REQUEST		Post User	1638619635882	1638619637438	OK	 
REQUEST		Post User	1638619636711	1638619637481	KO	status.find.in(200,201,202,203,204,205,206,207,208,209,304), found 503
USER	Delete User	END	1638619637482
REQUEST		Post User	1638619636711	1638619637482	KO	status.find.in(200,201,202,203,204,205,206,207,208,209,304), found 503
USER	Get User	END	1638619637483
REQUEST		Post User	1638619636383	1638619637484	KO	status.find.in(200,201,202,203,204,205,206,207,208,209,304), found 503
USER	Put User	END	1638619637485
REQUEST		Post User	1638619635899	1638619637535	OK	 
REQUEST		Post User	1638619635898	1638619637636	OK	 
USER	Post User	END	1638619637637
USER	Delete User	START	1638619637710
USER	Post User	START	1638619637711
USER	Put User	START	1638619637710
USER	Get User	START	1638619637711
REQUEST		Post User	1638619637049	1638619637722	KO	status.find.in(200,201,202,203,204,205,206,207,208,209,304), found 503
USER	Put User	END	1638619637723
REQUEST		Post User	1638619635632	1638619637734	OK	 
REQUEST		Post User	1638619637054	1638619637737	KO	status.find.in(200,201,202,203,204,205,206,207,208,209,304), found 503
USER	Post User	END	1638619637737
REQUEST		Post User	1638619637055	1638619637812	KO	status.find.in(200,201,202,203,204,205,206,207,208,209,304), found 503
USER	Delete User	END	1638619637813
REQUEST		Put User	1638619636739	1638619637832	OK	 
USER	Put User	END	1638619637832
REQUEST		Get User	1638619636840	1638619637930	OK	 
USER	Get User	END	1638619637930
REQUEST		Post User	1638619636382	1638619638037	OK	 
USER	Post User	START	1638619638043
USER	Put User	START	1638619638054
USER	Get User	START	1638619638054
USER	Delete User	START	1638619638054
REQUEST		Post User	1638619637382	1638619638110	KO	status.find.in(200,201,202,203,204,205,206,207,208,209,304), found 503
USER	Post User	END	1638619638111
REQUEST		Post User	1638619636383	1638619638140	OK	 
REQUEST		Post User	1638619637382	1638619638213	KO	status.find.in(200,201,202,203,204,205,206,207,208,209,304), found 503
USER	Get User	END	1638619638214
REQUEST		Delete User	1638619637048	1638619638237	OK	 
USER	Delete User	END	1638619638238
REQUEST		Post User	1638619636710	1638619638333	OK	 
USER	Post User	END	1638619638334
REQUEST		Post User	1638619637711	1638619638381	KO	status.find.in(200,201,202,203,204,205,206,207,208,209,304), found 503
USER	Get User	START	1638619638382
USER	Delete User	START	1638619638382
USER	Post User	START	1638619638382
USER	Post User	END	1638619638382
USER	Put User	START	1638619638383
REQUEST		Post User	1638619636710	1638619638441	OK	 
REQUEST		Get User	1638619637438	1638619638532	OK	 
USER	Get User	END	1638619638533
USER	Put User	START	1638619638632
USER	Get User	START	1638619638632
USER	Delete User	START	1638619638632
USER	Post User	START	1638619638632
REQUEST		Put User	1638619637536	1638619638637	OK	 
USER	Put User	END	1638619638638
REQUEST		Post User	1638619637055	1638619638737	OK	 
REQUEST		Post User	1638619637711	1638619638796	KO	status.find.in(200,201,202,203,204,205,206,207,208,209,304), found 503
USER	Get User	END	1638619638797
REQUEST		Post User	1638619637710	1638619638806	KO	status.find.in(200,201,202,203,204,205,206,207,208,209,304), found 503
USER	Put User	END	1638619638807
REQUEST		Get User	1638619637734	1638619638832	OK	 
USER	Get User	END	1638619638833
USER	Put User	START	1638619638882
USER	Post User	START	1638619638882
USER	Delete User	START	1638619638882
USER	Get User	START	1638619638882
REQUEST		Post User	1638619637382	1638619638938	OK	 
REQUEST		Post User	1638619637383	1638619639039	OK	 
REQUEST		Put User	1638619638939	1638619639106	KO	status.find.in(200,201,202,203,204,205,206,207,208,209,304), found 503
USER	Put User	END	1638619639107
USER	Get User	START	1638619639132
USER	Put User	START	1638619639132
USER	Delete User	START	1638619639132
USER	Post User	START	1638619639132
REQUEST		Get User	1638619638038	1638619639133	OK	 
USER	Get User	END	1638619639134
REQUEST		Delete User	1638619639040	1638619639211	KO	status.find.in(200,201,202,203,204,205,206,207,208,209,304), found 503
USER	Delete User	END	1638619639212
REQUEST		Delete User	1638619638141	1638619639240	OK	 
USER	Delete User	END	1638619639241
REQUEST		Post User	1638619638383	1638619639269	KO	status.find.in(200,201,202,203,204,205,206,207,208,209,304), found 503
USER	Post User	END	1638619639270
REQUEST		Post User	1638619638632	1638619639304	KO	status.find.in(200,201,202,203,204,205,206,207,208,209,304), found 503
USER	Get User	END	1638619639305
REQUEST		Post User	1638619638632	1638619639307	KO	status.find.in(200,201,202,203,204,205,206,207,208,209,304), found 503
USER	Delete User	END	1638619639308
REQUEST		Post User	1638619638632	1638619639312	KO	status.find.in(200,201,202,203,204,205,206,207,208,209,304), found 503
USER	Put User	END	1638619639314
REQUEST		Post User	1638619637710	1638619639336	OK	 
USER	Post User	START	1638619639398
USER	Get User	START	1638619639399
USER	Put User	START	1638619639399
USER	Delete User	START	1638619639400
REQUEST		Put User	1638619638442	1638619639438	OK	 
USER	Put User	END	1638619639438
REQUEST		Post User	1638619638043	1638619639536	OK	 
USER	Post User	END	1638619639537
REQUEST		Post User	1638619638882	1638619639565	KO	status.find.in(200,201,202,203,204,205,206,207,208,209,304), found 503
USER	Delete User	END	1638619639565
REQUEST		Post User	1638619638054	1638619639640	OK	 
USER	Put User	START	1638619639710
USER	Delete User	START	1638619639710
USER	Get User	START	1638619639711
USER	Post User	START	1638619639711
REQUEST		Post User	1638619638054	1638619639741	OK	 
REQUEST		Delete User	1638619639640	1638619639811	KO	status.find.in(200,201,202,203,204,205,206,207,208,209,304), found 503
REQUEST		Post User	1638619639132	1638619639811	KO	status.find.in(200,201,202,203,204,205,206,207,208,209,304), found 503
USER	Delete User	END	1638619639812
USER	Put User	END	1638619639813
REQUEST		Get User	1638619638738	1638619639833	OK	 
USER	Get User	END	1638619639834
REQUEST		Post User	1638619638882	1638619639855	KO	status.find.in(200,201,202,203,204,205,206,207,208,209,304), found 503
USER	Get User	END	1638619639856
REQUEST		Put User	1638619639742	1638619639914	KO	status.find.in(200,201,202,203,204,205,206,207,208,209,304), found 503
USER	Put User	END	1638619639914
REQUEST		Post User	1638619638382	1638619639939	OK	 
REQUEST		Post User	1638619638382	1638619640038	OK	 
USER	Put User	START	1638619640054
USER	Delete User	START	1638619640054
USER	Post User	START	1638619640055
USER	Get User	START	1638619640055
REQUEST		Post User	1638619639398	1638619640093	KO	status.find.in(200,201,202,203,204,205,206,207,208,209,304), found 503
USER	Post User	END	1638619640094
REQUEST		Post User	1638619639399	1638619640094	KO	status.find.in(200,201,202,203,204,205,206,207,208,209,304), found 503
USER	Get User	END	1638619640095
REQUEST		Delete User	1638619639939	1638619640106	KO	status.find.in(200,201,202,203,204,205,206,207,208,209,304), found 503
USER	Delete User	END	1638619640106
REQUEST		Post User	1638619638054	1638619640135	OK	 
REQUEST		Post User	1638619638384	1638619640237	OK	 
REQUEST		Delete User	1638619639337	1638619640339	OK	 
USER	Delete User	END	1638619640340
USER	Put User	START	1638619640382
USER	Get User	START	1638619640382
USER	Post User	START	1638619640383
USER	Delete User	START	1638619640383
REQUEST		Get User	1638619640135	1638619640407	KO	status.find.in(200,201,202,203,204,205,206,207,208,209,304), found 503
USER	Get User	END	1638619640408
REQUEST		Post User	1638619639710	1638619640411	KO	status.find.in(200,201,202,203,204,205,206,207,208,209,304), found 503
USER	Put User	END	1638619640412
REQUEST		Post User	1638619638882	1638619640432	OK	 
REQUEST		Post User	1638619638882	1638619640541	OK	 
USER	Post User	END	1638619640542
REQUEST		Post User	1638619638632	1638619640636	OK	 
USER	Post User	END	1638619640636
USER	Put User	START	1638619640710
USER	Delete User	START	1638619640710
USER	Post User	START	1638619640710
USER	Get User	START	1638619640710
REQUEST		Post User	1638619639132	1638619640738	OK	 
REQUEST		Post User	1638619639711	1638619640806	KO	status.find.in(200,201,202,203,204,205,206,207,208,209,304), found 503
USER	Post User	END	1638619640806
REQUEST		Post User	1638619639132	1638619640838	OK	 
USER	Post User	END	1638619640838
REQUEST		Post User	1638619639400	1638619640936	OK	 
REQUEST		Post User	1638619639400	1638619641036	OK	 
USER	Put User	START	1638619641054
USER	Delete User	START	1638619641054
USER	Get User	START	1638619641054
USER	Post User	START	1638619641054
REQUEST		Post User	1638619640054	1638619641108	KO	status.find.in(200,201,202,203,204,205,206,207,208,209,304), found 503
REQUEST		Delete User	1638619640937	1638619641109	KO	status.find.in(200,201,202,203,204,205,206,207,208,209,304), found 503
USER	Delete User	END	1638619641110
USER	Delete User	END	1638619641110
REQUEST		Post User	1638619640055	1638619641118	KO	status.find.in(200,201,202,203,204,205,206,207,208,209,304), found 503
REQUEST		Post User	1638619640382	1638619641118	KO	status.find.in(200,201,202,203,204,205,206,207,208,209,304), found 503
USER	Post User	END	1638619641119
USER	Put User	END	1638619641119
REQUEST		Get User	1638619640039	1638619641136	OK	 
USER	Get User	END	1638619641136
REQUEST		Post User	1638619639132	1638619641239	OK	 
REQUEST		Post User	1638619639710	1638619641336	OK	 
USER	Delete User	START	1638619641382
USER	Get User	START	1638619641382
USER	Post User	START	1638619641382
USER	Put User	START	1638619641382
REQUEST		Post User	1638619639711	1638619641407	KO	status.find.in(200,201,202,203,204,205,206,207,208,209,304), found 503
USER	Get User	END	1638619641408
REQUEST		Put User	1638619640238	1638619641434	OK	 
USER	Put User	END	1638619641435
REQUEST		Delete User	1638619641337	1638619641502	KO	status.find.in(200,201,202,203,204,205,206,207,208,209,304), found 503
USER	Delete User	END	1638619641502
REQUEST		Delete User	1638619641240	1638619641506	KO	status.find.in(200,201,202,203,204,205,206,207,208,209,304), found 503
USER	Delete User	END	1638619641506
REQUEST		Put User	1638619640433	1638619641533	OK	 
USER	Put User	END	1638619641533
USER	Put User	START	1638619641632
USER	Delete User	START	1638619641632
USER	Get User	START	1638619641633
USER	Post User	START	1638619641633
REQUEST		Post User	1638619640054	1638619641639	OK	 
REQUEST		Post User	1638619640055	1638619641736	OK	 
REQUEST		Post User	1638619640710	1638619641780	KO	status.find.in(200,201,202,203,204,205,206,207,208,209,304), found 503
USER	Delete User	END	1638619641781
REQUEST		Post User	1638619640710	1638619641788	KO	status.find.in(200,201,202,203,204,205,206,207,208,209,304), found 503
USER	Post User	END	1638619641789
REQUEST		Put User	1638619641639	1638619641806	KO	status.find.in(200,201,202,203,204,205,206,207,208,209,304), found 503
USER	Put User	END	1638619641806
REQUEST		Get User	1638619640739	1638619641831	OK	 
USER	Get User	END	1638619641831
USER	Put User	START	1638619641882
USER	Delete User	START	1638619641882
USER	Get User	START	1638619641883
USER	Post User	START	1638619641883
REQUEST		Post User	1638619640382	1638619641938	OK	 
REQUEST		Post User	1638619640383	1638619642036	OK	 
USER	Post User	END	1638619642036
REQUEST		Post User	1638619641054	1638619642102	KO	status.find.in(200,201,202,203,204,205,206,207,208,209,304), found 503
USER	Post User	END	1638619642103
REQUEST		Get User	1638619641939	1638619642108	KO	status.find.in(200,201,202,203,204,205,206,207,208,209,304), found 503
USER	Get User	END	1638619642108
USER	Delete User	START	1638619642132
USER	Put User	START	1638619642132
USER	Get User	START	1638619642133
USER	Post User	START	1638619642134
REQUEST		Put User	1638619641037	1638619642138	OK	 
USER	Put User	END	1638619642139
REQUEST		Post User	1638619640710	1638619642239	OK	 
REQUEST		Post User	1638619640710	1638619642335	OK	 
REQUEST		Post User	1638619641633	1638619642377	KO	status.find.in(200,201,202,203,204,205,206,207,208,209,304), found 503
USER	Post User	END	1638619642377
REQUEST		Post User	1638619641382	1638619642381	KO	status.find.in(200,201,202,203,204,205,206,207,208,209,304), found 503
USER	Put User	START	1638619642382
USER	Post User	START	1638619642383
USER	Delete User	START	1638619642383
USER	Delete User	END	1638619642382
USER	Get User	START	1638619642384
REQUEST		Post User	1638619641382	1638619642392	KO	status.find.in(200,201,202,203,204,205,206,207,208,209,304), found 503
USER	Get User	END	1638619642393
REQUEST		Put User	1638619642239	1638619642404	KO	status.find.in(200,201,202,203,204,205,206,207,208,209,304), found 503
USER	Put User	END	1638619642405
REQUEST		Post User	1638619640383	1638619642437	OK	 
REQUEST		Post User	1638619641054	1638619642541	OK	 
REQUEST		Post User	1638619641054	1638619642638	OK	 
USER	Delete User	START	1638619642710
USER	Put User	START	1638619642710
USER	Get User	START	1638619642710
REQUEST		Put User	1638619642541	1638619642712	KO	status.find.in(200,201,202,203,204,205,206,207,208,209,304), found 503
USER	Post User	START	1638619642710
USER	Put User	END	1638619642712
REQUEST		Post User	1638619641054	1638619642739	OK	 
REQUEST		Post User	1638619642132	1638619642806	KO	status.find.in(200,201,202,203,204,205,206,207,208,209,304), found 503
USER	Put User	END	1638619642807
REQUEST		Get User	1638619642638	1638619642812	KO	status.find.in(200,201,202,203,204,205,206,207,208,209,304), found 503
USER	Get User	END	1638619642813
REQUEST		Get User	1638619641737	1638619642832	OK	 
USER	Get User	END	1638619642833
REQUEST		Post User	1638619641883	1638619642915	KO	status.find.in(200,201,202,203,204,205,206,207,208,209,304), found 503
USER	Post User	END	1638619642916
REQUEST		Post User	1638619641882	1638619642933	KO	status.find.in(200,201,202,203,204,205,206,207,208,209,304), found 503
USER	Delete User	END	1638619642934
REQUEST		Post User	1638619641382	1638619642942	OK	 
REQUEST		Post User	1638619641382	1638619643036	OK	 
USER	Post User	END	1638619643036
USER	Delete User	START	1638619643054
USER	Post User	START	1638619643054
USER	Get User	START	1638619643054
USER	Put User	START	1638619643054
REQUEST		Post User	1638619642384	1638619643057	KO	status.find.in(200,201,202,203,204,205,206,207,208,209,304), found 503
USER	Get User	END	1638619643058
REQUEST		Put User	1638619642943	1638619643115	KO	status.find.in(200,201,202,203,204,205,206,207,208,209,304), found 503
USER	Put User	END	1638619643115
REQUEST		Post User	1638619641633	1638619643138	OK	 
REQUEST		Post User	1638619642134	1638619643195	KO	status.find.in(200,201,202,203,204,205,206,207,208,209,304), found 503
USER	Post User	END	1638619643196
REQUEST		Post User	1638619642132	1638619643205	KO	status.find.in(200,201,202,203,204,205,206,207,208,209,304), found 503
USER	Delete User	END	1638619643206
REQUEST		Post User	1638619641632	1638619643242	OK	 
REQUEST		Get User	1638619643138	1638619643303	KO	status.find.in(200,201,202,203,204,205,206,207,208,209,304), found 503
USER	Get User	END	1638619643304
REQUEST		Post User	1638619641632	1638619643338	OK	 
USER	Delete User	START	1638619643382
USER	Get User	START	1638619643382
USER	Put User	START	1638619643382
USER	Post User	START	1638619643382
REQUEST		Post User	1638619642711	1638619643391	KO	status.find.in(200,201,202,203,204,205,206,207,208,209,304), found 503
USER	Post User	END	1638619643391
REQUEST		Put User	1638619643242	1638619643412	KO	status.find.in(200,201,202,203,204,205,206,207,208,209,304), found 503
USER	Put User	END	1638619643412
REQUEST		Get User	1638619642336	1638619643429	OK	 
USER	Get User	END	1638619643429
REQUEST		Post User	1638619642710	1638619643526	KO	status.find.in(200,201,202,203,204,205,206,207,208,209,304), found 503
USER	Delete User	END	1638619643527
REQUEST		Post User	1638619641882	1638619643534	OK	 
REQUEST		Delete User	1638619642437	1638619643637	OK	 
USER	Delete User	END	1638619643637
USER	Post User	START	1638619643710
USER	Delete User	START	1638619643710
USER	Get User	START	1638619643710
USER	Put User	START	1638619643710
REQUEST		Post User	1638619642133	1638619643741	OK	 
REQUEST		Post User	1638619641883	1638619643833	OK	 
REQUEST		Post User	1638619643054	1638619643901	KO	status.find.in(200,201,202,203,204,205,206,207,208,209,304), found 503
USER	Post User	END	1638619643901
REQUEST		Get User	1638619643741	1638619643908	KO	status.find.in(200,201,202,203,204,205,206,207,208,209,304), found 503
USER	Get User	END	1638619643909
REQUEST		Delete User	1638619642740	1638619643936	OK	 
USER	Delete User	END	1638619643937
REQUEST		Post User	1638619642383	1638619644037	OK	 
USER	Delete User	START	1638619644054
USER	Post User	START	1638619644054
USER	Get User	START	1638619644054
USER	Put User	START	1638619644054
REQUEST		Post User	1638619643382	1638619644130	KO	status.find.in(200,201,202,203,204,205,206,207,208,209,304), found 503
USER	Post User	END	1638619644131
REQUEST		Post User	1638619642382	1638619644140	OK	 
REQUEST		Post User	1638619643054	1638619644142	KO	status.find.in(200,201,202,203,204,205,206,207,208,209,304), found 503
USER	Get User	END	1638619644143
REQUEST		Post User	1638619643382	1638619644201	KO	status.find.in(200,201,202,203,204,205,206,207,208,209,304), found 503
USER	Delete User	END	1638619644202
REQUEST		Delete User	1638619644037	1638619644205	KO	status.find.in(200,201,202,203,204,205,206,207,208,209,304), found 503
USER	Delete User	END	1638619644205
REQUEST		Post User	1638619642383	1638619644237	OK	 
USER	Post User	END	1638619644238
REQUEST		Post User	1638619642710	1638619644336	OK	 
REQUEST		Post User	1638619643710	1638619644383	KO	status.find.in(200,201,202,203,204,205,206,207,208,209,304), found 503
USER	Put User	END	1638619644385
REQUEST		Post User	1638619643710	1638619644396	KO	status.find.in(200,201,202,203,204,205,206,207,208,209,304), found 503
USER	Get User	END	1638619644397
REQUEST		Delete User	1638619643338	1638619644438	OK	 
USER	Delete User	END	1638619644438
REQUEST		Post User	1638619643710	1638619644506	KO	status.find.in(200,201,202,203,204,205,206,207,208,209,304), found 503
USER	Post User	END	1638619644507
REQUEST		Post User	1638619642710	1638619644542	OK	 
REQUEST		Put User	1638619643535	1638619644634	OK	 
USER	Put User	END	1638619644634
REQUEST		Post User	1638619644055	1638619644734	KO	status.find.in(200,201,202,203,204,205,206,207,208,209,304), found 503
USER	Get User	END	1638619644735
REQUEST		Post User	1638619643054	1638619644735	OK	 
REQUEST		Post User	1638619643055	1638619644836	OK	 
REQUEST		Get User	1638619643834	1638619644934	OK	 
USER	Get User	END	1638619644935
REQUEST		Post User	1638619643382	1638619645034	OK	 
REQUEST		Post User	1638619643382	1638619645136	OK	 
REQUEST		Put User	1638619644141	1638619645237	OK	 
USER	Put User	END	1638619645238
REQUEST		Post User	1638619643710	1638619645337	OK	 
REQUEST		Put User	1638619644337	1638619645436	OK	 
USER	Put User	END	1638619645437
REQUEST		Get User	1638619644542	1638619645536	OK	 
USER	Get User	END	1638619645536
REQUEST		Post User	1638619644054	1638619645637	OK	 
REQUEST		Post User	1638619644054	1638619645739	OK	 
USER	Post User	END	1638619645739
REQUEST		Delete User	1638619644735	1638619645839	OK	 
USER	Delete User	END	1638619645840
REQUEST		Put User	1638619644836	1638619645936	OK	 
USER	Put User	END	1638619645936
REQUEST		Post User	1638619644054	1638619646035	OK	 
REQUEST		Put User	1638619645035	1638619646136	OK	 
USER	Put User	END	1638619646137
REQUEST		Get User	1638619645137	1638619646230	OK	 
USER	Get User	END	1638619646231
REQUEST		Delete User	1638619645338	1638619646334	OK	 
USER	Delete User	END	1638619646335
REQUEST		Put User	1638619645638	1638619646435	OK	 
USER	Put User	END	1638619646436
REQUEST		Delete User	1638619646035	1638619646536	OK	 
USER	Delete User	END	1638619646537
