RUN	GoRest.UserSimulation	usersimulation	1638618733076	 	3.7.2
USER	Put User	START	1638618734545
USER	Delete User	START	1638618734560
USER	Put User	START	1638618734618
USER	Get User	START	1638618734619
USER	Post User	START	1638618734622
USER	Get User	START	1638618734542
USER	Post User	START	1638618734534
USER	Delete User	START	1638618734630
USER	Get User	START	1638618734714
USER	Put User	START	1638618734714
USER	Post User	START	1638618734729
USER	Delete User	START	1638618734729
USER	Put User	START	1638618734815
USER	Post User	START	1638618734823
USER	Get User	START	1638618734823
USER	Delete User	START	1638618734823
USER	Get User	START	1638618734919
USER	Put User	START	1638618734919
USER	Delete User	START	1638618734920
USER	Post User	START	1638618734935
USER	Put User	START	1638618735013
USER	Get User	START	1638618735013
USER	Post User	START	1638618735028
USER	Delete User	START	1638618735028
USER	Delete User	START	1638618735124
USER	Post User	START	1638618735125
USER	Get User	START	1638618735124
USER	Put User	START	1638618735126
USER	Get User	START	1638618735216
USER	Put User	START	1638618735216
USER	Delete User	START	1638618735223
USER	Post User	START	1638618735232
USER	Get User	START	1638618735309
USER	Put User	START	1638618735325
USER	Post User	START	1638618735325
USER	Delete User	START	1638618735325
USER	Put User	START	1638618735420
USER	Delete User	START	1638618735422
USER	Get User	START	1638618735425
USER	Post User	START	1638618735449
REQUEST		Post User	1638618734627	1638618735436	OK	 
REQUEST		Post User	1638618734608	1638618735342	OK	 
USER	Post User	END	1638618735461
REQUEST		Post User	1638618734823	1638618735505	KO	status.find.in(200,201,202,203,204,205,206,207,208,209,304), found 503
USER	Get User	START	1638618735513
USER	Put User	START	1638618735513
USER	Get User	END	1638618735513
USER	Post User	START	1638618735529
USER	Delete User	START	1638618735529
REQUEST		Post User	1638618734631	1638618735547	OK	 
REQUEST		Post User	1638618734935	1638618735617	KO	status.find.in(200,201,202,203,204,205,206,207,208,209,304), found 503
USER	Post User	END	1638618735619
REQUEST		Post User	1638618734919	1638618735618	KO	status.find.in(200,201,202,203,204,205,206,207,208,209,304), found 503
USER	Get User	END	1638618735620
USER	Put User	START	1638618735624
USER	Get User	START	1638618735624
USER	Delete User	START	1638618735625
USER	Post User	START	1638618735624
REQUEST		Put User	1638618735469	1638618735637	KO	status.find.in(200,201,202,203,204,205,206,207,208,209,304), found 503
USER	Put User	END	1638618735638
REQUEST		Post User	1638618734823	1638618735641	KO	status.find.in(200,201,202,203,204,205,206,207,208,209,304), found 503
REQUEST		Post User	1638618734617	1638618735641	OK	 
USER	Delete User	END	1638618735643
REQUEST		Post User	1638618735013	1638618735691	KO	status.find.in(200,201,202,203,204,205,206,207,208,209,304), found 503
USER	Put User	END	1638618735692
REQUEST		Post User	1638618734619	1638618735695	KO	status.find.in(200,201,202,203,204,205,206,207,208,209,304), found 503
USER	Put User	END	1638618735697
REQUEST		Post User	1638618735029	1638618735708	KO	status.find.in(200,201,202,203,204,205,206,207,208,209,304), found 503
REQUEST		Post User	1638618735029	1638618735708	KO	status.find.in(200,201,202,203,204,205,206,207,208,209,304), found 503
USER	Delete User	END	1638618735709
USER	Post User	END	1638618735710
USER	Get User	START	1638618735718
USER	Put User	START	1638618735719
REQUEST		Delete User	1638618735549	1638618735720	KO	status.find.in(200,201,202,203,204,205,206,207,208,209,304), found 503
USER	Delete User	END	1638618735721
USER	Delete User	START	1638618735733
USER	Post User	START	1638618735733
REQUEST		Post User	1638618734622	1638618735745	OK	 
USER	Post User	END	1638618735747
REQUEST		Get User	1638618735643	1638618735810	KO	status.find.in(200,201,202,203,204,205,206,207,208,209,304), found 503
USER	Get User	END	1638618735812
USER	Get User	START	1638618735811
REQUEST		Post User	1638618735127	1638618735814	KO	status.find.in(200,201,202,203,204,205,206,207,208,209,304), found 503
USER	Get User	END	1638618735815
USER	Post User	START	1638618735828
USER	Delete User	START	1638618735828
USER	Put User	START	1638618735828
REQUEST		Post User	1638618734729	1638618735842	OK	 
USER	Post User	END	1638618735843
REQUEST		Post User	1638618735013	1638618735846	KO	status.find.in(200,201,202,203,204,205,206,207,208,209,304), found 503
USER	Get User	END	1638618735847
REQUEST		Post User	1638618735217	1638618735897	KO	status.find.in(200,201,202,203,204,205,206,207,208,209,304), found 503
USER	Put User	END	1638618735898
USER	Put User	START	1638618735923
USER	Delete User	START	1638618735923
USER	Get User	START	1638618735923
REQUEST		Post User	1638618734715	1638618735936	OK	 
USER	Post User	START	1638618735939
USER	Get User	START	1638618736017
USER	Put User	START	1638618736017
USER	Delete User	START	1638618736029
USER	Post User	START	1638618736030
REQUEST		Post User	1638618735217	1638618736042	KO	status.find.in(200,201,202,203,204,205,206,207,208,209,304), found 503
REQUEST		Post User	1638618734615	1638618736042	OK	 
USER	Get User	END	1638618736044
REQUEST		Post User	1638618735421	1638618736095	KO	status.find.in(200,201,202,203,204,205,206,207,208,209,304), found 503
USER	Put User	END	1638618736096
REQUEST		Post User	1638618735423	1638618736101	KO	status.find.in(200,201,202,203,204,205,206,207,208,209,304), found 503
USER	Delete User	END	1638618736103
REQUEST		Put User	1638618735937	1638618736105	KO	status.find.in(200,201,202,203,204,205,206,207,208,209,304), found 503
USER	Put User	END	1638618736106
REQUEST		Post User	1638618735425	1638618736107	KO	status.find.in(200,201,202,203,204,205,206,207,208,209,304), found 503
USER	Get User	END	1638618736109
USER	Get User	START	1638618736112
USER	Delete User	START	1638618736128
USER	Put User	START	1638618736128
USER	Post User	START	1638618736128
REQUEST		Post User	1638618734729	1638618736135	OK	 
REQUEST		Post User	1638618735514	1638618736199	KO	status.find.in(200,201,202,203,204,205,206,207,208,209,304), found 503
USER	Get User	END	1638618736201
REQUEST		Post User	1638618735530	1638618736204	KO	status.find.in(200,201,202,203,204,205,206,207,208,209,304), found 503
USER	Post User	END	1638618736205
REQUEST		Post User	1638618735124	1638618736213	KO	status.find.in(200,201,202,203,204,205,206,207,208,209,304), found 503
USER	Delete User	END	1638618736214
REQUEST		Post User	1638618735514	1638618736215	KO	status.find.in(200,201,202,203,204,205,206,207,208,209,304), found 503
USER	Put User	END	1638618736216
USER	Get User	START	1638618736215
USER	Put User	START	1638618736221
USER	Post User	START	1638618736230
REQUEST		Delete User	1638618736044	1638618736233	KO	status.find.in(200,201,202,203,204,205,206,207,208,209,304), found 503
USER	Delete User	END	1638618736234
USER	Delete User	START	1638618736236
REQUEST		Post User	1638618734620	1638618736238	OK	 
REQUEST		Post User	1638618735450	1638618736252	KO	status.find.in(200,201,202,203,204,205,206,207,208,209,304), found 503
USER	Post User	END	1638618736253
REQUEST		Post User	1638618735223	1638618736295	KO	status.find.in(200,201,202,203,204,205,206,207,208,209,304), found 503
USER	Delete User	END	1638618736296
REQUEST		Post User	1638618735232	1638618736302	KO	status.find.in(200,201,202,203,204,205,206,207,208,209,304), found 503
USER	Post User	END	1638618736303
REQUEST		Delete User	1638618736136	1638618736308	KO	status.find.in(200,201,202,203,204,205,206,207,208,209,304), found 503
USER	Delete User	END	1638618736309
USER	Get User	START	1638618736315
USER	Post User	START	1638618736326
USER	Put User	START	1638618736330
REQUEST		Post User	1638618734823	1638618736345	OK	 
USER	Post User	END	1638618736346
USER	Delete User	START	1638618736346
REQUEST		Post User	1638618735719	1638618736394	KO	status.find.in(200,201,202,203,204,205,206,207,208,209,304), found 503
USER	Put User	END	1638618736396
REQUEST		Post User	1638618735719	1638618736397	KO	status.find.in(200,201,202,203,204,205,206,207,208,209,304), found 503
USER	Get User	END	1638618736398
REQUEST		Post User	1638618735326	1638618736406	KO	status.find.in(200,201,202,203,204,205,206,207,208,209,304), found 503
USER	Put User	END	1638618736408
REQUEST		Get User	1638618736239	1638618736418	KO	status.find.in(200,201,202,203,204,205,206,207,208,209,304), found 503
USER	Get User	END	1638618736419
USER	Put User	START	1638618736423
USER	Get User	START	1638618736423
USER	Post User	START	1638618736433
USER	Delete User	START	1638618736438
REQUEST		Post User	1638618734815	1638618736442	OK	 
REQUEST		Post User	1638618735812	1638618736493	KO	status.find.in(200,201,202,203,204,205,206,207,208,209,304), found 503
USER	Get User	END	1638618736495
REQUEST		Post User	1638618735828	1638618736499	KO	status.find.in(200,201,202,203,204,205,206,207,208,209,304), found 503
USER	Delete User	END	1638618736500
REQUEST		Post User	1638618735828	1638618736511	KO	status.find.in(200,201,202,203,204,205,206,207,208,209,304), found 503
USER	Put User	END	1638618736513
USER	Put User	START	1638618736517
USER	Get User	START	1638618736517
USER	Post User	START	1638618736532
USER	Delete User	START	1638618736533
REQUEST		Post User	1638618734921	1638618736541	OK	 
REQUEST		Post User	1638618735924	1638618736598	KO	status.find.in(200,201,202,203,204,205,206,207,208,209,304), found 503
USER	Delete User	END	1638618736600
REQUEST		Post User	1638618735924	1638618736608	KO	status.find.in(200,201,202,203,204,205,206,207,208,209,304), found 503
USER	Put User	END	1638618736609
USER	Get User	START	1638618736612
REQUEST		Put User	1638618736444	1638618736614	KO	status.find.in(200,201,202,203,204,205,206,207,208,209,304), found 503
USER	Delete User	START	1638618736612
USER	Post User	START	1638618736612
REQUEST		Post User	1638618735924	1638618736617	KO	status.find.in(200,201,202,203,204,205,206,207,208,209,304), found 503
USER	Put User	START	1638618736613
USER	Put User	END	1638618736615
USER	Get User	END	1638618736618
REQUEST		Post User	1638618734921	1638618736644	OK	 
REQUEST		Post User	1638618736018	1638618736697	KO	status.find.in(200,201,202,203,204,205,206,207,208,209,304), found 503
USER	Put User	END	1638618736698
REQUEST		Post User	1638618735625	1638618736699	KO	status.find.in(200,201,202,203,204,205,206,207,208,209,304), found 503
USER	Put User	END	1638618736700
REQUEST		Post User	1638618736018	1638618736700	KO	status.find.in(200,201,202,203,204,205,206,207,208,209,304), found 503
REQUEST		Post User	1638618735626	1638618736701	KO	status.find.in(200,201,202,203,204,205,206,207,208,209,304), found 503
USER	Get User	END	1638618736701
USER	Post User	END	1638618736702
REQUEST		Post User	1638618736030	1638618736710	KO	status.find.in(200,201,202,203,204,205,206,207,208,209,304), found 503
USER	Post User	END	1638618736710
USER	Put User	START	1638618736711
REQUEST		Put User	1638618736543	1638618736713	KO	status.find.in(200,201,202,203,204,205,206,207,208,209,304), found 503
USER	Put User	END	1638618736714
REQUEST		Post User	1638618735625	1638618736713	KO	status.find.in(200,201,202,203,204,205,206,207,208,209,304), found 503
USER	Get User	START	1638618736715
USER	Delete User	START	1638618736716
USER	Get User	END	1638618736715
USER	Post User	START	1638618736721
REQUEST		Post User	1638618734715	1638618736742	OK	 
USER	Delete User	START	1638618736815
USER	Put User	START	1638618736815
USER	Post User	START	1638618736815
USER	Get User	START	1638618736815
REQUEST		Delete User	1638618736645	1638618736827	KO	status.find.in(200,201,202,203,204,205,206,207,208,209,304), found 503
USER	Delete User	END	1638618736828
REQUEST		Post User	1638618736128	1638618736828	KO	status.find.in(200,201,202,203,204,205,206,207,208,209,304), found 503
USER	Post User	END	1638618736828
REQUEST		Post User	1638618735127	1638618736839	OK	 
REQUEST		Post User	1638618736216	1638618736896	KO	status.find.in(200,201,202,203,204,205,206,207,208,209,304), found 503
USER	Get User	END	1638618736898
USER	Put User	START	1638618736910
USER	Post User	START	1638618736910
USER	Delete User	START	1638618736910
USER	Get User	START	1638618736910
REQUEST		Post User	1638618736221	1638618736917	KO	status.find.in(200,201,202,203,204,205,206,207,208,209,304), found 503
USER	Put User	END	1638618736918
REQUEST		Post User	1638618735326	1638618736937	OK	 
USER	Post User	END	1638618736939
REQUEST		Post User	1638618736326	1638618737002	KO	status.find.in(200,201,202,203,204,205,206,207,208,209,304), found 503
USER	Post User	END	1638618737003
REQUEST		Post User	1638618736331	1638618737005	KO	status.find.in(200,201,202,203,204,205,206,207,208,209,304), found 503
USER	Put User	END	1638618737006
REQUEST		Get User	1638618736743	1638618737015	KO	status.find.in(200,201,202,203,204,205,206,207,208,209,304), found 503
REQUEST		Put User	1638618736841	1638618737015	KO	status.find.in(200,201,202,203,204,205,206,207,208,209,304), found 503
USER	Get User	END	1638618737015
USER	Put User	END	1638618737015
USER	Post User	START	1638618737016
USER	Delete User	START	1638618737020
USER	Put User	START	1638618737020
USER	Get User	START	1638618737020
REQUEST		Post User	1638618735326	1638618737037	OK	 
REQUEST		Post User	1638618736424	1638618737099	KO	status.find.in(200,201,202,203,204,205,206,207,208,209,304), found 503
USER	Put User	END	1638618737101
REQUEST		Post User	1638618736030	1638618737109	KO	status.find.in(200,201,202,203,204,205,206,207,208,209,304), found 503
USER	Delete User	END	1638618737110
USER	Delete User	START	1638618737115
USER	Post User	START	1638618737115
USER	Put User	START	1638618737115
USER	Get User	START	1638618737117
REQUEST		Post User	1638618736439	1638618737119	KO	status.find.in(200,201,202,203,204,205,206,207,208,209,304), found 503
USER	Delete User	END	1638618737121
REQUEST		Post User	1638618735310	1638618737140	OK	 
REQUEST		Post User	1638618736113	1638618737187	KO	status.find.in(200,201,202,203,204,205,206,207,208,209,304), found 503
USER	Get User	END	1638618737189
REQUEST		Post User	1638618736518	1638618737194	KO	status.find.in(200,201,202,203,204,205,206,207,208,209,304), found 503
USER	Put User	END	1638618737195
REQUEST		Post User	1638618736128	1638618737202	KO	status.find.in(200,201,202,203,204,205,206,207,208,209,304), found 503
USER	Delete User	END	1638618737203
USER	Delete User	START	1638618737207
REQUEST		Delete User	1638618737038	1638618737211	KO	status.find.in(200,201,202,203,204,205,206,207,208,209,304), found 503
REQUEST		Post User	1638618736534	1638618737211	KO	status.find.in(200,201,202,203,204,205,206,207,208,209,304), found 503
USER	Delete User	END	1638618737212
USER	Delete User	END	1638618737212
USER	Get User	START	1638618737213
USER	Post User	START	1638618737222
USER	Put User	START	1638618737222
REQUEST		Post User	1638618735125	1638618737241	OK	 
USER	Post User	END	1638618737242
REQUEST		Post User	1638618736533	1638618737251	KO	status.find.in(200,201,202,203,204,205,206,207,208,209,304), found 503
USER	Post User	END	1638618737252
REQUEST		Post User	1638618736612	1638618737281	KO	status.find.in(200,201,202,203,204,205,206,207,208,209,304), found 503
USER	Get User	END	1638618737282
REQUEST		Post User	1638618736612	1638618737297	KO	status.find.in(200,201,202,203,204,205,206,207,208,209,304), found 503
REQUEST		Post User	1638618736615	1638618737297	KO	status.find.in(200,201,202,203,204,205,206,207,208,209,304), found 503
USER	Post User	END	1638618737298
USER	Delete User	END	1638618737298
REQUEST		Get User	1638618737141	1638618737309	KO	status.find.in(200,201,202,203,204,205,206,207,208,209,304), found 503
USER	Put User	START	1638618737311
USER	Get User	END	1638618737310
REQUEST		Post User	1638618736230	1638618737314	KO	status.find.in(200,201,202,203,204,205,206,207,208,209,304), found 503
USER	Delete User	START	1638618737316
USER	Post User	START	1638618737316
USER	Get User	START	1638618737316
REQUEST		Post User	1638618736237	1638618737318	KO	status.find.in(200,201,202,203,204,205,206,207,208,209,304), found 503
USER	Post User	END	1638618737315
USER	Delete User	END	1638618737320
REQUEST		Post User	1638618735626	1638618737338	OK	 
REQUEST		Post User	1638618736721	1638618737400	KO	status.find.in(200,201,202,203,204,205,206,207,208,209,304), found 503
REQUEST		Post User	1638618736715	1638618737400	KO	status.find.in(200,201,202,203,204,205,206,207,208,209,304), found 503
USER	Post User	END	1638618737402
USER	Get User	END	1638618737402
USER	Delete User	START	1638618737409
USER	Post User	START	1638618737409
USER	Put User	START	1638618737409
USER	Get User	START	1638618737410
REQUEST		Post User	1638618735734	1638618737444	OK	 
REQUEST		Post User	1638618736816	1638618737481	KO	status.find.in(200,201,202,203,204,205,206,207,208,209,304), found 503
USER	Post User	END	1638618737482
REQUEST		Post User	1638618736816	1638618737500	KO	status.find.in(200,201,202,203,204,205,206,207,208,209,304), found 503
REQUEST		Post User	1638618736816	1638618737500	KO	status.find.in(200,201,202,203,204,205,206,207,208,209,304), found 503
USER	Put User	END	1638618737501
USER	Get User	END	1638618737501
REQUEST		Delete User	1638618737339	1638618737511	KO	status.find.in(200,201,202,203,204,205,206,207,208,209,304), found 503
USER	Delete User	END	1638618737512
REQUEST		Post User	1638618736434	1638618737514	KO	status.find.in(200,201,202,203,204,205,206,207,208,209,304), found 503
USER	Post User	END	1638618737515
USER	Post User	START	1638618737523
USER	Get User	START	1638618737524
USER	Put User	START	1638618737527
USER	Delete User	START	1638618737529
REQUEST		Post User	1638618735828	1638618737540	OK	 
USER	Post User	END	1638618737541
USER	Get User	START	1638618737613
USER	Post User	START	1638618737614
REQUEST		Delete User	1638618737446	1638618737615	KO	status.find.in(200,201,202,203,204,205,206,207,208,209,304), found 503
USER	Delete User	START	1638618737613
USER	Put User	START	1638618737614
USER	Delete User	END	1638618737616
REQUEST		Post User	1638618735533	1638618737638	OK	 
REQUEST		Post User	1638618736911	1638618737654	KO	status.find.in(200,201,202,203,204,205,206,207,208,209,304), found 503
USER	Get User	END	1638618737655
REQUEST		Post User	1638618736910	1638618737657	KO	status.find.in(200,201,202,203,204,205,206,207,208,209,304), found 503
USER	Delete User	END	1638618737658
REQUEST		Post User	1638618737017	1638618737687	KO	status.find.in(200,201,202,203,204,205,206,207,208,209,304), found 503
USER	Post User	END	1638618737688
REQUEST		Post User	1638618737020	1638618737694	KO	status.find.in(200,201,202,203,204,205,206,207,208,209,304), found 503
USER	Delete User	END	1638618737695
REQUEST		Post User	1638618736619	1638618737695	KO	status.find.in(200,201,202,203,204,205,206,207,208,209,304), found 503
USER	Put User	END	1638618737696
REQUEST		Post User	1638618737020	1638618737696	KO	status.find.in(200,201,202,203,204,205,206,207,208,209,304), found 503
USER	Put User	END	1638618737697
REQUEST		Post User	1638618737020	1638618737710	KO	status.find.in(200,201,202,203,204,205,206,207,208,209,304), found 503
USER	Put User	START	1638618737710
USER	Get User	END	1638618737712
USER	Delete User	START	1638618737712
USER	Get User	START	1638618737715
USER	Post User	START	1638618737722
REQUEST		Post User	1638618735734	1638618737741	OK	 
USER	Post User	END	1638618737742
REQUEST		Post User	1638618737115	1638618737800	KO	status.find.in(200,201,202,203,204,205,206,207,208,209,304), found 503
USER	Post User	END	1638618737802
USER	Get User	START	1638618737813
USER	Put User	START	1638618737816
USER	Delete User	START	1638618737816
USER	Post User	START	1638618737816
REQUEST		Post User	1638618736129	1638618737840	OK	 
REQUEST		Post User	1638618737117	1638618737869	KO	status.find.in(200,201,202,203,204,205,206,207,208,209,304), found 503
USER	Get User	END	1638618737870
REQUEST		Post User	1638618737207	1638618737880	KO	status.find.in(200,201,202,203,204,205,206,207,208,209,304), found 503
USER	Delete User	END	1638618737881
REQUEST		Post User	1638618737223	1638618737886	KO	status.find.in(200,201,202,203,204,205,206,207,208,209,304), found 503
USER	Put User	END	1638618737888
REQUEST		Post User	1638618737223	1638618737896	KO	status.find.in(200,201,202,203,204,205,206,207,208,209,304), found 503
USER	Post User	END	1638618737897
REQUEST		Post User	1638618737213	1638618737898	KO	status.find.in(200,201,202,203,204,205,206,207,208,209,304), found 503
USER	Get User	END	1638618737899
REQUEST		Delete User	1638618737639	1638618737910	KO	status.find.in(200,201,202,203,204,205,206,207,208,209,304), found 503
USER	Post User	START	1638618737911
USER	Delete User	START	1638618737911
USER	Get User	START	1638618737912
USER	Put User	START	1638618737913
USER	Delete User	END	1638618737911
REQUEST		Post User	1638618736315	1638618737937	OK	 
REQUEST		Post User	1638618737311	1638618737994	KO	status.find.in(200,201,202,203,204,205,206,207,208,209,304), found 503
USER	Put User	END	1638618737996
REQUEST		Post User	1638618737317	1638618738005	KO	status.find.in(200,201,202,203,204,205,206,207,208,209,304), found 503
USER	Post User	END	1638618738006
REQUEST		Put User	1638618737842	1638618738007	KO	status.find.in(200,201,202,203,204,205,206,207,208,209,304), found 503
USER	Put User	END	1638618738008
USER	Put User	START	1638618738021
USER	Post User	START	1638618738021
USER	Delete User	START	1638618738021
USER	Get User	START	1638618738021
REQUEST		Post User	1638618735940	1638618738043	OK	 
USER	Post User	END	1638618738044
REQUEST		Post User	1638618737411	1638618738081	KO	status.find.in(200,201,202,203,204,205,206,207,208,209,304), found 503
REQUEST		Post User	1638618737410	1638618738082	KO	status.find.in(200,201,202,203,204,205,206,207,208,209,304), found 503
USER	Put User	END	1638618738083
USER	Get User	END	1638618738083
REQUEST		Get User	1638618737938	1638618738105	KO	status.find.in(200,201,202,203,204,205,206,207,208,209,304), found 503
USER	Get User	END	1638618738106
USER	Get User	START	1638618738114
USER	Delete User	START	1638618738114
USER	Put User	START	1638618738115
USER	Post User	START	1638618738114
REQUEST		Post User	1638618737410	1638618738126	KO	status.find.in(200,201,202,203,204,205,206,207,208,209,304), found 503
USER	Post User	END	1638618738127
REQUEST		Post User	1638618736424	1638618738134	OK	 
REQUEST		Post User	1638618737116	1638618738191	KO	status.find.in(200,201,202,203,204,205,206,207,208,209,304), found 503
USER	Put User	END	1638618738193
REQUEST		Post User	1638618737530	1638618738215	KO	status.find.in(200,201,202,203,204,205,206,207,208,209,304), found 503
USER	Delete User	END	1638618738216
USER	Get User	START	1638618738222
USER	Post User	START	1638618738222
USER	Delete User	START	1638618738222
USER	Put User	START	1638618738223
REQUEST		Post User	1638618736519	1638618738241	OK	 
REQUEST		Post User	1638618737525	1638618738250	KO	status.find.in(200,201,202,203,204,205,206,207,208,209,304), found 503
USER	Get User	END	1638618738251
REQUEST		Post User	1638618737614	1638618738291	KO	status.find.in(200,201,202,203,204,205,206,207,208,209,304), found 503
USER	Post User	END	1638618738292
REQUEST		Post User	1638618737614	1638618738297	KO	status.find.in(200,201,202,203,204,205,206,207,208,209,304), found 503
USER	Get User	END	1638618738299
REQUEST		Get User	1638618738135	1638618738307	KO	status.find.in(200,201,202,203,204,205,206,207,208,209,304), found 503
USER	Get User	END	1638618738308
USER	Post User	START	1638618738308
REQUEST		Post User	1638618737616	1638618738312	KO	status.find.in(200,201,202,203,204,205,206,207,208,209,304), found 503
USER	Delete User	END	1638618738313
REQUEST		Post User	1638618737614	1638618738313	KO	status.find.in(200,201,202,203,204,205,206,207,208,209,304), found 503
USER	Delete User	START	1638618738315
USER	Get User	START	1638618738315
USER	Put User	END	1638618738314
USER	Put User	START	1638618738317
REQUEST		Post User	1638618736716	1638618738338	OK	 
REQUEST		Post User	1638618737711	1638618738395	KO	status.find.in(200,201,202,203,204,205,206,207,208,209,304), found 503
USER	Put User	END	1638618738396
REQUEST		Post User	1638618737713	1638618738397	KO	status.find.in(200,201,202,203,204,205,206,207,208,209,304), found 503
REQUEST		Post User	1638618737716	1638618738397	KO	status.find.in(200,201,202,203,204,205,206,207,208,209,304), found 503
USER	Get User	END	1638618738398
USER	Delete User	END	1638618738398
REQUEST		Post User	1638618737722	1638618738399	KO	status.find.in(200,201,202,203,204,205,206,207,208,209,304), found 503
USER	Post User	END	1638618738400
USER	Post User	START	1638618738410
USER	Get User	START	1638618738410
USER	Delete User	START	1638618738410
USER	Put User	START	1638618738410
REQUEST		Post User	1638618736346	1638618738437	OK	 
REQUEST		Post User	1638618737814	1638618738497	KO	status.find.in(200,201,202,203,204,205,206,207,208,209,304), found 503
USER	Get User	END	1638618738498
REQUEST		Post User	1638618737817	1638618738501	KO	status.find.in(200,201,202,203,204,205,206,207,208,209,304), found 503
USER	Delete User	END	1638618738502
REQUEST		Delete User	1638618738339	1638618738506	KO	status.find.in(200,201,202,203,204,205,206,207,208,209,304), found 503
USER	Delete User	END	1638618738507
REQUEST		Post User	1638618737817	1638618738516	KO	status.find.in(200,201,202,203,204,205,206,207,208,209,304), found 503
USER	Put User	END	1638618738517
USER	Get User	START	1638618738519
USER	Put User	START	1638618738519
USER	Post User	START	1638618738519
USER	Delete User	START	1638618738519
REQUEST		Post User	1638618736816	1638618738537	OK	 
REQUEST		Post User	1638618737914	1638618738606	KO	status.find.in(200,201,202,203,204,205,206,207,208,209,304), found 503
USER	Put User	END	1638618738608
USER	Delete User	START	1638618738608
USER	Post User	START	1638618738612
USER	Get User	START	1638618738612
USER	Put User	START	1638618738612
REQUEST		Post User	1638618737527	1638618738623	KO	status.find.in(200,201,202,203,204,205,206,207,208,209,304), found 503
USER	Put User	END	1638618738624
REQUEST		Post User	1638618737912	1638618738633	KO	status.find.in(200,201,202,203,204,205,206,207,208,209,304), found 503
REQUEST		Post User	1638618736910	1638618738633	OK	 
USER	Delete User	END	1638618738634
REQUEST		Post User	1638618738023	1638618738695	KO	status.find.in(200,201,202,203,204,205,206,207,208,209,304), found 503
USER	Get User	END	1638618738696
REQUEST		Delete User	1638618738438	1638618738706	KO	status.find.in(200,201,202,203,204,205,206,207,208,209,304), found 503
USER	Delete User	END	1638618738707
REQUEST		Post User	1638618738021	1638618738708	KO	status.find.in(200,201,202,203,204,205,206,207,208,209,304), found 503
USER	Put User	START	1638618738708
REQUEST		Post User	1638618738021	1638618738711	KO	status.find.in(200,201,202,203,204,205,206,207,208,209,304), found 503
REQUEST		Delete User	1638618738538	1638618738718	KO	status.find.in(200,201,202,203,204,205,206,207,208,209,304), found 503
USER	Delete User	END	1638618738718
USER	Get User	START	1638618738720
USER	Delete User	START	1638618738720
USER	Post User	END	1638618738721
USER	Post User	START	1638618738722
USER	Delete User	END	1638618738733
REQUEST		Post User	1638618736712	1638618738738	OK	 
USER	Delete User	START	1638618738814
USER	Post User	START	1638618738814
USER	Put User	START	1638618738814
USER	Get User	START	1638618738814
REQUEST		Put User	1638618738634	1638618738817	KO	status.find.in(200,201,202,203,204,205,206,207,208,209,304), found 503
USER	Put User	END	1638618738818
REQUEST		Post User	1638618738116	1638618738829	KO	status.find.in(200,201,202,203,204,205,206,207,208,209,304), found 503
USER	Post User	END	1638618738830
REQUEST		Post User	1638618737115	1638618738835	OK	 
REQUEST		Post User	1638618737817	1638618738882	KO	status.find.in(200,201,202,203,204,205,206,207,208,209,304), found 503
USER	Post User	END	1638618738883
REQUEST		Post User	1638618738223	1638618738904	KO	status.find.in(200,201,202,203,204,205,206,207,208,209,304), found 503
REQUEST		Post User	1638618738222	1638618738905	KO	status.find.in(200,201,202,203,204,205,206,207,208,209,304), found 503
USER	Put User	END	1638618738905
USER	Post User	END	1638618738906
USER	Put User	START	1638618738907
USER	Post User	START	1638618738907
USER	Delete User	START	1638618738907
USER	Get User	START	1638618738912
REQUEST		Post User	1638618736910	1638618738936	OK	 
USER	Post User	END	1638618738937
REQUEST		Post User	1638618738316	1638618738981	KO	status.find.in(200,201,202,203,204,205,206,207,208,209,304), found 503
USER	Get User	END	1638618738983
REQUEST		Put User	1638618738739	1638618738985	KO	status.find.in(200,201,202,203,204,205,206,207,208,209,304), found 503
USER	Put User	END	1638618738985
REQUEST		Post User	1638618738318	1638618739012	KO	status.find.in(200,201,202,203,204,205,206,207,208,209,304), found 503
USER	Get User	START	1638618739012
USER	Put User	END	1638618739013
USER	Delete User	START	1638618739014
USER	Post User	START	1638618739015
USER	Put User	START	1638618739015
REQUEST		Delete User	1638618738836	1638618739017	KO	status.find.in(200,201,202,203,204,205,206,207,208,209,304), found 503
USER	Delete User	END	1638618739018
REQUEST		Post User	1638618737317	1638618739039	OK	 
REQUEST		Post User	1638618738410	1638618739077	KO	status.find.in(200,201,202,203,204,205,206,207,208,209,304), found 503
USER	Post User	END	1638618739078
REQUEST		Post User	1638618738412	1638618739100	KO	status.find.in(200,201,202,203,204,205,206,207,208,209,304), found 503
USER	Put User	END	1638618739101
USER	Put User	START	1638618739108
USER	Post User	START	1638618739110
USER	Delete User	START	1638618739110
USER	Get User	START	1638618739110
REQUEST		Post User	1638618737409	1638618739140	OK	 
REQUEST		Post User	1638618738115	1638618739166	KO	status.find.in(200,201,202,203,204,205,206,207,208,209,304), found 503
USER	Put User	END	1638618739167
REQUEST		Post User	1638618738115	1638618739170	KO	status.find.in(200,201,202,203,204,205,206,207,208,209,304), found 503
USER	Delete User	END	1638618739171
REQUEST		Post User	1638618738519	1638618739198	KO	status.find.in(200,201,202,203,204,205,206,207,208,209,304), found 503
USER	Put User	END	1638618739199
REQUEST		Post User	1638618738520	1638618739201	KO	status.find.in(200,201,202,203,204,205,206,207,208,209,304), found 503
USER	Post User	END	1638618739202
REQUEST		Delete User	1638618739040	1638618739213	KO	status.find.in(200,201,202,203,204,205,206,207,208,209,304), found 503
USER	Delete User	END	1638618739214
USER	Put User	START	1638618739215
USER	Post User	START	1638618739218
USER	Delete User	START	1638618739218
USER	Get User	START	1638618739218
REQUEST		Post User	1638618737524	1638618739237	OK	 
USER	Post User	END	1638618739238
REQUEST		Delete User	1638618739141	1638618739310	KO	status.find.in(200,201,202,203,204,205,206,207,208,209,304), found 503
USER	Post User	START	1638618739311
USER	Get User	START	1638618739311
USER	Delete User	START	1638618739312
USER	Delete User	END	1638618739311
USER	Put User	START	1638618739312
REQUEST		Post User	1638618737318	1638618739333	OK	 
REQUEST		Post User	1638618738315	1638618739368	KO	status.find.in(200,201,202,203,204,205,206,207,208,209,304), found 503
USER	Delete User	END	1638618739370
REQUEST		Post User	1638618738613	1638618739394	KO	status.find.in(200,201,202,203,204,205,206,207,208,209,304), found 503
REQUEST		Post User	1638618738708	1638618739394	KO	status.find.in(200,201,202,203,204,205,206,207,208,209,304), found 503
USER	Put User	END	1638618739395
USER	Put User	END	1638618739395
REQUEST		Post User	1638618738613	1638618739396	KO	status.find.in(200,201,202,203,204,205,206,207,208,209,304), found 503
USER	Post User	END	1638618739396
REQUEST		Post User	1638618738609	1638618739399	KO	status.find.in(200,201,202,203,204,205,206,207,208,209,304), found 503
USER	Delete User	END	1638618739400
USER	Post User	START	1638618739420
USER	Put User	START	1638618739420
USER	Get User	START	1638618739420
USER	Delete User	START	1638618739420
REQUEST		Get User	1638618738242	1638618739433	OK	 
USER	Get User	END	1638618739434
REQUEST		Post User	1638618738411	1638618739463	KO	status.find.in(200,201,202,203,204,205,206,207,208,209,304), found 503
USER	Delete User	END	1638618739464
REQUEST		Post User	1638618738815	1638618739511	KO	status.find.in(200,201,202,203,204,205,206,207,208,209,304), found 503
USER	Put User	END	1638618739512
USER	Get User	START	1638618739514
USER	Delete User	START	1638618739514
USER	Post User	START	1638618739514
USER	Put User	START	1638618739515
REQUEST		Post User	1638618738815	1638618739516	KO	status.find.in(200,201,202,203,204,205,206,207,208,209,304), found 503
USER	Post User	END	1638618739517
REQUEST		Post User	1638618738721	1638618739534	KO	status.find.in(200,201,202,203,204,205,206,207,208,209,304), found 503
USER	Delete User	END	1638618739535
REQUEST		Post User	1638618737913	1638618739543	OK	 
REQUEST		Post User	1638618738519	1638618739559	KO	status.find.in(200,201,202,203,204,205,206,207,208,209,304), found 503
USER	Delete User	END	1638618739561
REQUEST		Post User	1638618738519	1638618739567	KO	status.find.in(200,201,202,203,204,205,206,207,208,209,304), found 503
USER	Get User	END	1638618739568
REQUEST		Post User	1638618738913	1638618739577	KO	status.find.in(200,201,202,203,204,205,206,207,208,209,304), found 503
USER	Get User	END	1638618739579
REQUEST		Get User	1638618739335	1638618739598	KO	status.find.in(200,201,202,203,204,205,206,207,208,209,304), found 503
USER	Get User	END	1638618739599
USER	Delete User	START	1638618739607
USER	Post User	START	1638618739607
USER	Put User	START	1638618739607
USER	Get User	START	1638618739607
REQUEST		Post User	1638618737912	1638618739637	OK	 
USER	Post User	END	1638618739638
REQUEST		Post User	1638618739014	1638618739700	KO	status.find.in(200,201,202,203,204,205,206,207,208,209,304), found 503
USER	Delete User	END	1638618739702
REQUEST		Post User	1638618739016	1638618739703	KO	status.find.in(200,201,202,203,204,205,206,207,208,209,304), found 503
USER	Put User	END	1638618739704
REQUEST		Post User	1638618739012	1638618739712	KO	status.find.in(200,201,202,203,204,205,206,207,208,209,304), found 503
USER	Get User	END	1638618739713
USER	Delete User	START	1638618739717
USER	Put User	START	1638618739717
USER	Get User	START	1638618739717
USER	Post User	START	1638618739717
REQUEST		Post User	1638618738021	1638618739731	OK	 
REQUEST		Post User	1638618738907	1638618739736	KO	status.find.in(200,201,202,203,204,205,206,207,208,209,304), found 503
USER	Delete User	END	1638618739738
REQUEST		Post User	1638618738907	1638618739749	KO	status.find.in(200,201,202,203,204,205,206,207,208,209,304), found 503
USER	Put User	END	1638618739751
REQUEST		Post User	1638618738723	1638618739772	KO	status.find.in(200,201,202,203,204,205,206,207,208,209,304), found 503
USER	Post User	END	1638618739773
REQUEST		Post User	1638618739111	1638618739777	KO	status.find.in(200,201,202,203,204,205,206,207,208,209,304), found 503
USER	Get User	END	1638618739778
REQUEST		Post User	1638618739111	1638618739794	KO	status.find.in(200,201,202,203,204,205,206,207,208,209,304), found 503
USER	Post User	END	1638618739795
USER	Delete User	START	1638618739812
USER	Put User	START	1638618739812
USER	Get User	START	1638618739812
USER	Post User	START	1638618739812
REQUEST		Post User	1638618738115	1638618739836	OK	 
REQUEST		Post User	1638618739219	1638618739901	KO	status.find.in(200,201,202,203,204,205,206,207,208,209,304), found 503
USER	Get User	END	1638618739902
REQUEST		Put User	1638618739732	1638618739903	KO	status.find.in(200,201,202,203,204,205,206,207,208,209,304), found 503
USER	Put User	END	1638618739904
REQUEST		Post User	1638618739219	1638618739904	KO	status.find.in(200,201,202,203,204,205,206,207,208,209,304), found 503
USER	Post User	END	1638618739905
REQUEST		Post User	1638618739219	1638618739910	KO	status.find.in(200,201,202,203,204,205,206,207,208,209,304), found 503
USER	Delete User	END	1638618739911
USER	Post User	START	1638618739917
USER	Get User	START	1638618739922
USER	Put User	START	1638618739922
USER	Delete User	START	1638618739922
REQUEST		Post User	1638618738222	1638618739940	OK	 
REQUEST		Post User	1638618738908	1638618739965	KO	status.find.in(200,201,202,203,204,205,206,207,208,209,304), found 503
USER	Post User	END	1638618739966
REQUEST		Post User	1638618739313	1638618739988	KO	status.find.in(200,201,202,203,204,205,206,207,208,209,304), found 503
USER	Put User	END	1638618739989
REQUEST		Post User	1638618739312	1638618739997	KO	status.find.in(200,201,202,203,204,205,206,207,208,209,304), found 503
USER	Delete User	END	1638618739998
REQUEST		Post User	1638618739311	1638618740000	KO	status.find.in(200,201,202,203,204,205,206,207,208,209,304), found 503
USER	Post User	END	1638618740002
USER	Delete User	START	1638618740016
USER	Put User	START	1638618740016
USER	Post User	START	1638618740016
USER	Get User	START	1638618740016
REQUEST		Post User	1638618738309	1638618740036	OK	 
USER	Post User	END	1638618740037
REQUEST		Delete User	1638618739941	1638618740110	KO	status.find.in(200,201,202,203,204,205,206,207,208,209,304), found 503
USER	Post User	START	1638618740111
USER	Delete User	START	1638618740111
USER	Put User	START	1638618740111
USER	Get User	START	1638618740112
USER	Delete User	END	1638618740111
REQUEST		Post User	1638618739420	1638618740115	KO	status.find.in(200,201,202,203,204,205,206,207,208,209,304), found 503
REQUEST		Post User	1638618739420	1638618740115	KO	status.find.in(200,201,202,203,204,205,206,207,208,209,304), found 503
USER	Put User	END	1638618740116
USER	Delete User	END	1638618740116
REQUEST		Post User	1638618738410	1638618740137	OK	 
REQUEST		Post User	1638618739110	1638618740176	KO	status.find.in(200,201,202,203,204,205,206,207,208,209,304), found 503
USER	Delete User	END	1638618740178
REQUEST		Post User	1638618739514	1638618740183	KO	status.find.in(200,201,202,203,204,205,206,207,208,209,304), found 503
USER	Delete User	END	1638618740184
REQUEST		Post User	1638618739514	1638618740187	KO	status.find.in(200,201,202,203,204,205,206,207,208,209,304), found 503
USER	Post User	END	1638618740188
REQUEST		Post User	1638618739515	1638618740189	KO	status.find.in(200,201,202,203,204,205,206,207,208,209,304), found 503
USER	Put User	END	1638618740190
USER	Put User	START	1638618740220
USER	Post User	START	1638618740221
USER	Delete User	START	1638618740221
USER	Get User	START	1638618740221
REQUEST		Post User	1638618738222	1638618740246	OK	 
REQUEST		Post User	1638618739215	1638618740285	KO	status.find.in(200,201,202,203,204,205,206,207,208,209,304), found 503
USER	Put User	END	1638618740286
REQUEST		Post User	1638618739608	1638618740299	KO	status.find.in(200,201,202,203,204,205,206,207,208,209,304), found 503
USER	Get User	END	1638618740300
REQUEST		Get User	1638618740138	1638618740303	KO	status.find.in(200,201,202,203,204,205,206,207,208,209,304), found 503
USER	Get User	END	1638618740304
USER	Put User	START	1638618740313
USER	Get User	START	1638618740314
USER	Delete User	START	1638618740314
USER	Post User	START	1638618740314
REQUEST		Post User	1638618738613	1638618740339	OK	 
REQUEST		Post User	1638618739718	1638618740405	KO	status.find.in(200,201,202,203,204,205,206,207,208,209,304), found 503
USER	Get User	END	1638618740406
USER	Delete User	START	1638618740409
USER	Post User	START	1638618740409
USER	Put User	START	1638618740409
USER	Get User	START	1638618740410
REQUEST		Post User	1638618739718	1638618740412	KO	status.find.in(200,201,202,203,204,205,206,207,208,209,304), found 503
USER	Put User	END	1638618740413
REQUEST		Post User	1638618739718	1638618740420	KO	status.find.in(200,201,202,203,204,205,206,207,208,209,304), found 503
USER	Delete User	END	1638618740421
REQUEST		Post User	1638618738721	1638618740446	OK	 
REQUEST		Post User	1638618739608	1638618740466	KO	status.find.in(200,201,202,203,204,205,206,207,208,209,304), found 503
USER	Delete User	END	1638618740467
REQUEST		Post User	1638618739608	1638618740473	KO	status.find.in(200,201,202,203,204,205,206,207,208,209,304), found 503
USER	Put User	END	1638618740474
REQUEST		Post User	1638618739420	1638618740479	KO	status.find.in(200,201,202,203,204,205,206,207,208,209,304), found 503
USER	Get User	END	1638618740481
REQUEST		Post User	1638618739813	1638618740497	KO	status.find.in(200,201,202,203,204,205,206,207,208,209,304), found 503
USER	Delete User	END	1638618740498
REQUEST		Get User	1638618740340	1638618740506	KO	status.find.in(200,201,202,203,204,205,206,207,208,209,304), found 503
USER	Get User	END	1638618740506
REQUEST		Get User	1638618740247	1638618740508	KO	status.find.in(200,201,202,203,204,205,206,207,208,209,304), found 503
USER	Get User	END	1638618740508
USER	Put User	START	1638618740518
USER	Post User	START	1638618740519
USER	Get User	START	1638618740518
USER	Delete User	START	1638618740519
REQUEST		Post User	1638618738815	1638618740536	OK	 
REQUEST		Post User	1638618739917	1638618740588	KO	status.find.in(200,201,202,203,204,205,206,207,208,209,304), found 503
USER	Post User	END	1638618740589
USER	Post User	START	1638618740612
USER	Put User	START	1638618740612
USER	Delete User	START	1638618740612
USER	Get User	START	1638618740612
REQUEST		Get User	1638618740447	1638618740619	KO	status.find.in(200,201,202,203,204,205,206,207,208,209,304), found 503
USER	Get User	END	1638618740619
REQUEST		Post User	1638618739016	1638618740643	OK	 
USER	Post User	END	1638618740644
REQUEST		Post User	1638618739814	1638618740679	KO	status.find.in(200,201,202,203,204,205,206,207,208,209,304), found 503
USER	Post User	END	1638618740680
REQUEST		Post User	1638618739813	1638618740681	KO	status.find.in(200,201,202,203,204,205,206,207,208,209,304), found 503
USER	Put User	END	1638618740682
REQUEST		Post User	1638618740017	1638618740694	KO	status.find.in(200,201,202,203,204,205,206,207,208,209,304), found 503
USER	Post User	END	1638618740695
REQUEST		Delete User	1638618740537	1638618740707	KO	status.find.in(200,201,202,203,204,205,206,207,208,209,304), found 503
USER	Delete User	END	1638618740708
USER	Get User	START	1638618740720
USER	Put User	START	1638618740720
USER	Post User	START	1638618740721
USER	Delete User	START	1638618740720
REQUEST		Get User	1638618739544	1638618740741	OK	 
USER	Get User	END	1638618740742
REQUEST		Post User	1638618739922	1638618740791	KO	status.find.in(200,201,202,203,204,205,206,207,208,209,304), found 503
USER	Get User	END	1638618740792
REQUEST		Post User	1638618740112	1638618740801	KO	status.find.in(200,201,202,203,204,205,206,207,208,209,304), found 503
USER	Post User	END	1638618740802
USER	Post User	START	1638618740814
USER	Delete User	START	1638618740815
USER	Get User	START	1638618740814
USER	Put User	START	1638618740814
REQUEST		Post User	1638618738815	1638618740843	OK	 
REQUEST		Post User	1638618740221	1638618740897	KO	status.find.in(200,201,202,203,204,205,206,207,208,209,304), found 503
USER	Post User	END	1638618740898
REQUEST		Post User	1638618740016	1638618740900	KO	status.find.in(200,201,202,203,204,205,206,207,208,209,304), found 503
USER	Put User	END	1638618740901
USER	Put User	START	1638618740907
REQUEST		Post User	1638618740220	1638618740919	KO	status.find.in(200,201,202,203,204,205,206,207,208,209,304), found 503
USER	Put User	END	1638618740920
USER	Delete User	START	1638618740922
USER	Get User	START	1638618740922
USER	Post User	START	1638618740922
REQUEST		Post User	1638618739109	1638618740937	OK	 
REQUEST		Post User	1638618739922	1638618740953	KO	status.find.in(200,201,202,203,204,205,206,207,208,209,304), found 503
USER	Put User	END	1638618740954
REQUEST		Post User	1638618740221	1638618740955	KO	status.find.in(200,201,202,203,204,205,206,207,208,209,304), found 503
USER	Delete User	END	1638618740956
REQUEST		Post User	1638618740112	1638618740988	KO	status.find.in(200,201,202,203,204,205,206,207,208,209,304), found 503
USER	Put User	END	1638618740989
REQUEST		Post User	1638618740314	1638618740993	KO	status.find.in(200,201,202,203,204,205,206,207,208,209,304), found 503
USER	Put User	END	1638618740994
REQUEST		Post User	1638618740315	1638618740997	KO	status.find.in(200,201,202,203,204,205,206,207,208,209,304), found 503
USER	Delete User	END	1638618740998
REQUEST		Post User	1638618740315	1638618741003	KO	status.find.in(200,201,202,203,204,205,206,207,208,209,304), found 503
USER	Post User	END	1638618741004
USER	Get User	START	1638618741015
USER	Post User	START	1638618741016
USER	Delete User	START	1638618741017
USER	Put User	START	1638618741015
REQUEST		Get User	1638618739837	1638618741037	OK	 
USER	Get User	END	1638618741037
REQUEST		Post User	1638618740409	1638618741081	KO	status.find.in(200,201,202,203,204,205,206,207,208,209,304), found 503
USER	Delete User	END	1638618741082
REQUEST		Post User	1638618740411	1638618741083	KO	status.find.in(200,201,202,203,204,205,206,207,208,209,304), found 503
USER	Get User	END	1638618741084
REQUEST		Get User	1638618740844	1638618741096	KO	status.find.in(200,201,202,203,204,205,206,207,208,209,304), found 503
USER	Get User	END	1638618741096
REQUEST		Post User	1638618740410	1638618741103	KO	status.find.in(200,201,202,203,204,205,206,207,208,209,304), found 503
USER	Post User	END	1638618741104
USER	Put User	START	1638618741108
USER	Delete User	START	1638618741110
USER	Post User	START	1638618741110
USER	Get User	START	1638618741108
REQUEST		Post User	1638618739312	1638618741139	OK	 
REQUEST		Put User	1638618740938	1638618741158	KO	status.find.in(200,201,202,203,204,205,206,207,208,209,304), found 503
USER	Put User	END	1638618741159
REQUEST		Post User	1638618740315	1638618741198	KO	status.find.in(200,201,202,203,204,205,206,207,208,209,304), found 503
USER	Get User	END	1638618741199
REQUEST		Post User	1638618740519	1638618741203	KO	status.find.in(200,201,202,203,204,205,206,207,208,209,304), found 503
USER	Put User	END	1638618741204
REQUEST		Post User	1638618740520	1638618741216	KO	status.find.in(200,201,202,203,204,205,206,207,208,209,304), found 503
USER	Delete User	END	1638618741217
USER	Delete User	START	1638618741218
USER	Put User	START	1638618741218
USER	Get User	START	1638618741218
USER	Post User	START	1638618741218
REQUEST		Post User	1638618739420	1638618741241	OK	 
USER	Post User	END	1638618741242
REQUEST		Post User	1638618740613	1638618741298	KO	status.find.in(200,201,202,203,204,205,206,207,208,209,304), found 503
USER	Post User	END	1638618741298
USER	Delete User	START	1638618741311
USER	Post User	START	1638618741311
USER	Get User	START	1638618741323
USER	Put User	START	1638618741323
REQUEST		Post User	1638618739718	1638618741340	OK	 
USER	Post User	END	1638618741340
REQUEST		Post User	1638618740519	1638618741404	KO	status.find.in(200,201,202,203,204,205,206,207,208,209,304), found 503
REQUEST		Post User	1638618740720	1638618741405	KO	status.find.in(200,201,202,203,204,205,206,207,208,209,304), found 503
REQUEST		Post User	1638618740722	1638618741406	KO	status.find.in(200,201,202,203,204,205,206,207,208,209,304), found 503
USER	Post User	END	1638618741406
USER	Put User	END	1638618741407
USER	Post User	END	1638618741407
REQUEST		Post User	1638618740520	1638618741409	KO	status.find.in(200,201,202,203,204,205,206,207,208,209,304), found 503
USER	Get User	END	1638618741410
REQUEST		Post User	1638618740411	1638618741413	KO	status.find.in(200,201,202,203,204,205,206,207,208,209,304), found 503
USER	Put User	END	1638618741414
USER	Put User	START	1638618741415
USER	Get User	START	1638618741421
USER	Delete User	START	1638618741421
USER	Post User	START	1638618741421
REQUEST		Post User	1638618739608	1638618741438	OK	 
USER	Post User	END	1638618741438
REQUEST		Post User	1638618740815	1638618741487	KO	status.find.in(200,201,202,203,204,205,206,207,208,209,304), found 503
USER	Get User	END	1638618741488
REQUEST		Post User	1638618740815	1638618741488	KO	status.find.in(200,201,202,203,204,205,206,207,208,209,304), found 503
USER	Put User	END	1638618741489
REQUEST		Post User	1638618740613	1638618741505	KO	status.find.in(200,201,202,203,204,205,206,207,208,209,304), found 503
REQUEST		Post User	1638618740815	1638618741505	KO	status.find.in(200,201,202,203,204,205,206,207,208,209,304), found 503
USER	Put User	END	1638618741506
USER	Delete User	END	1638618741506
USER	Get User	START	1638618741516
USER	Delete User	START	1638618741516
USER	Post User	START	1638618741516
USER	Put User	START	1638618741516
REQUEST		Post User	1638618739514	1638618741537	OK	 
USER	Delete User	START	1638618741609
USER	Get User	START	1638618741609
USER	Post User	START	1638618741611
USER	Put User	START	1638618741610
REQUEST		Post User	1638618740614	1638618741612	KO	status.find.in(200,201,202,203,204,205,206,207,208,209,304), found 503
USER	Delete User	END	1638618741613
REQUEST		Post User	1638618740923	1638618741618	KO	status.find.in(200,201,202,203,204,205,206,207,208,209,304), found 503
USER	Get User	END	1638618741619
REQUEST		Post User	1638618739814	1638618741636	OK	 
REQUEST		Post User	1638618740907	1638618741639	KO	status.find.in(200,201,202,203,204,205,206,207,208,209,304), found 503
REQUEST		Post User	1638618740922	1638618741640	KO	status.find.in(200,201,202,203,204,205,206,207,208,209,304), found 503
USER	Put User	END	1638618741640
USER	Post User	END	1638618741641
REQUEST		Post User	1638618741016	1638618741698	KO	status.find.in(200,201,202,203,204,205,206,207,208,209,304), found 503
REQUEST		Post User	1638618741017	1638618741698	KO	status.find.in(200,201,202,203,204,205,206,207,208,209,304), found 503
USER	Post User	END	1638618741698
USER	Delete User	END	1638618741699
REQUEST		Post User	1638618741015	1638618741699	KO	status.find.in(200,201,202,203,204,205,206,207,208,209,304), found 503
USER	Get User	END	1638618741700
REQUEST		Post User	1638618740815	1638618741711	KO	status.find.in(200,201,202,203,204,205,206,207,208,209,304), found 503
USER	Post User	END	1638618741712
USER	Post User	START	1638618741718
USER	Put User	START	1638618741718
USER	Delete User	START	1638618741718
USER	Get User	START	1638618741718
REQUEST		Post User	1638618740113	1638618741731	OK	 
REQUEST		Get User	1638618741538	1638618741775	KO	status.find.in(200,201,202,203,204,205,206,207,208,209,304), found 503
USER	Get User	END	1638618741776
REQUEST		Post User	1638618741110	1638618741791	KO	status.find.in(200,201,202,203,204,205,206,207,208,209,304), found 503
USER	Post User	END	1638618741792
REQUEST		Post User	1638618741109	1638618741809	KO	status.find.in(200,201,202,203,204,205,206,207,208,209,304), found 503
USER	Put User	END	1638618741810
USER	Put User	START	1638618741813
USER	Get User	START	1638618741813
USER	Delete User	START	1638618741813
USER	Post User	START	1638618741813
REQUEST		Post User	1638618741110	1638618741818	KO	status.find.in(200,201,202,203,204,205,206,207,208,209,304), found 503
USER	Delete User	END	1638618741819
REQUEST		Post User	1638618740016	1638618741841	OK	 
REQUEST		Post User	1638618741218	1638618741892	KO	status.find.in(200,201,202,203,204,205,206,207,208,209,304), found 503
REQUEST		Post User	1638618741218	1638618741899	KO	status.find.in(200,201,202,203,204,205,206,207,208,209,304), found 503
REQUEST		Post User	1638618741015	1638618741901	KO	status.find.in(200,201,202,203,204,205,206,207,208,209,304), found 503
REQUEST		Get User	1638618741732	1638618741904	KO	status.find.in(200,201,202,203,204,205,206,207,208,209,304), found 503
USER	Put User	START	1638618741909
USER	Delete User	START	1638618741913
REQUEST		Post User	1638618741218	1638618741914	KO	status.find.in(200,201,202,203,204,205,206,207,208,209,304), found 503
REQUEST		Post User	1638618741218	1638618741916	KO	status.find.in(200,201,202,203,204,205,206,207,208,209,304), found 503
USER	Put User	END	1638618741894
USER	Get User	END	1638618741900
USER	Put User	END	1638618741903
USER	Get User	END	1638618741906
USER	Post User	END	1638618741917
USER	Delete User	END	1638618741917
USER	Post User	START	1638618741922
USER	Get User	START	1638618741923
REQUEST		Post User	1638618739922	1638618741938	OK	 
REQUEST		Post User	1638618741312	1638618741997	KO	status.find.in(200,201,202,203,204,205,206,207,208,209,304), found 503
USER	Delete User	END	1638618741998
REQUEST		Post User	1638618741323	1638618742001	KO	status.find.in(200,201,202,203,204,205,206,207,208,209,304), found 503
USER	Put User	END	1638618742002
USER	Put User	START	1638618742018
USER	Delete User	START	1638618742019
USER	Post User	START	1638618742020
USER	Get User	START	1638618742033
REQUEST		Post User	1638618740016	1638618742044	OK	 
REQUEST		Get User	1638618741842	1638618742063	KO	status.find.in(200,201,202,203,204,205,206,207,208,209,304), found 503
USER	Get User	END	1638618742064
REQUEST		Post User	1638618741423	1638618742092	KO	status.find.in(200,201,202,203,204,205,206,207,208,209,304), found 503
USER	Post User	END	1638618742093
REQUEST		Post User	1638618741415	1638618742094	KO	status.find.in(200,201,202,203,204,205,206,207,208,209,304), found 503
USER	Put User	END	1638618742095
REQUEST		Post User	1638618741422	1638618742096	KO	status.find.in(200,201,202,203,204,205,206,207,208,209,304), found 503
USER	Get User	END	1638618742097
USER	Get User	START	1638618742111
USER	Post User	START	1638618742111
USER	Delete User	START	1638618742112
USER	Put User	START	1638618742111
REQUEST		Post User	1638618740112	1638618742140	OK	 
REQUEST		Post User	1638618741516	1638618742191	KO	status.find.in(200,201,202,203,204,205,206,207,208,209,304), found 503
USER	Delete User	END	1638618742192
REQUEST		Post User	1638618741516	1638618742193	KO	status.find.in(200,201,202,203,204,205,206,207,208,209,304), found 503
USER	Post User	END	1638618742194
REQUEST		Post User	1638618741517	1638618742199	KO	status.find.in(200,201,202,203,204,205,206,207,208,209,304), found 503
USER	Put User	END	1638618742200
REQUEST		Post User	1638618741516	1638618742203	KO	status.find.in(200,201,202,203,204,205,206,207,208,209,304), found 503
USER	Get User	END	1638618742204
USER	Put User	START	1638618742222
USER	Delete User	START	1638618742222
USER	Get User	START	1638618742224
USER	Post User	START	1638618742224
REQUEST		Post User	1638618740221	1638618742242	OK	 
REQUEST		Delete User	1638618742045	1638618742253	KO	status.find.in(200,201,202,203,204,205,206,207,208,209,304), found 503
USER	Delete User	END	1638618742254
REQUEST		Post User	1638618741611	1638618742280	KO	status.find.in(200,201,202,203,204,205,206,207,208,209,304), found 503
USER	Post User	END	1638618742280
REQUEST		Post User	1638618741609	1638618742282	KO	status.find.in(200,201,202,203,204,205,206,207,208,209,304), found 503
USER	Delete User	END	1638618742283
REQUEST		Post User	1638618741609	1638618742283	KO	status.find.in(200,201,202,203,204,205,206,207,208,209,304), found 503
USER	Get User	END	1638618742284
REQUEST		Post User	1638618741611	1638618742285	KO	status.find.in(200,201,202,203,204,205,206,207,208,209,304), found 503
USER	Put User	END	1638618742286
USER	Post User	START	1638618742315
USER	Delete User	START	1638618742315
USER	Put User	START	1638618742315
USER	Get User	START	1638618742328
REQUEST		Get User	1638618741140	1638618742331	OK	 
USER	Get User	END	1638618742331
REQUEST		Delete User	1638618742141	1638618742340	KO	status.find.in(200,201,202,203,204,205,206,207,208,209,304), found 503
USER	Delete User	END	1638618742341
REQUEST		Post User	1638618741719	1638618742395	KO	status.find.in(200,201,202,203,204,205,206,207,208,209,304), found 503
USER	Delete User	END	1638618742396
REQUEST		Post User	1638618741719	1638618742399	KO	status.find.in(200,201,202,203,204,205,206,207,208,209,304), found 503
USER	Post User	END	1638618742400
REQUEST		Post User	1638618741719	1638618742408	KO	status.find.in(200,201,202,203,204,205,206,207,208,209,304), found 503
USER	Put User	END	1638618742409
USER	Post User	START	1638618742410
USER	Get User	START	1638618742410
USER	Put User	START	1638618742410
USER	Delete User	START	1638618742422
REQUEST		Post User	1638618740723	1638618742442	OK	 
REQUEST		Post User	1638618741813	1638618742482	KO	status.find.in(200,201,202,203,204,205,206,207,208,209,304), found 503
USER	Get User	END	1638618742483
REQUEST		Post User	1638618741813	1638618742491	KO	status.find.in(200,201,202,203,204,205,206,207,208,209,304), found 503
USER	Put User	END	1638618742492
REQUEST		Post User	1638618741814	1638618742501	KO	status.find.in(200,201,202,203,204,205,206,207,208,209,304), found 503
USER	Post User	END	1638618742502
USER	Get User	START	1638618742519
USER	Post User	START	1638618742519
USER	Put User	START	1638618742519
USER	Delete User	START	1638618742519
REQUEST		Post User	1638618740613	1638618742544	OK	 
REQUEST		Post User	1638618741913	1638618742592	KO	status.find.in(200,201,202,203,204,205,206,207,208,209,304), found 503
USER	Delete User	END	1638618742593
REQUEST		Post User	1638618741923	1638618742606	KO	status.find.in(200,201,202,203,204,205,206,207,208,209,304), found 503
USER	Get User	END	1638618742607
USER	Delete User	START	1638618742611
USER	Get User	START	1638618742611
USER	Post User	START	1638618742611
REQUEST		Delete User	1638618742443	1638618742613	KO	status.find.in(200,201,202,203,204,205,206,207,208,209,304), found 503
USER	Delete User	END	1638618742614
USER	Put User	START	1638618742614
REQUEST		Post User	1638618741719	1638618742619	KO	status.find.in(200,201,202,203,204,205,206,207,208,209,304), found 503
USER	Get User	END	1638618742620
REQUEST		Post User	1638618740922	1638618742636	OK	 
REQUEST		Post User	1638618742019	1638618742699	KO	status.find.in(200,201,202,203,204,205,206,207,208,209,304), found 503
USER	Delete User	END	1638618742701
REQUEST		Post User	1638618742033	1638618742701	KO	status.find.in(200,201,202,203,204,205,206,207,208,209,304), found 503
USER	Get User	END	1638618742702
REQUEST		Post User	1638618742020	1638618742709	KO	status.find.in(200,201,202,203,204,205,206,207,208,209,304), found 503
USER	Post User	END	1638618742710
USER	Delete User	START	1638618742710
USER	Get User	START	1638618742720
USER	Post User	START	1638618742720
USER	Put User	START	1638618742720
REQUEST		Post User	1638618740720	1638618742739	OK	 
REQUEST		Post User	1638618742112	1638618742784	KO	status.find.in(200,201,202,203,204,205,206,207,208,209,304), found 503
USER	Post User	END	1638618742784
REQUEST		Post User	1638618742112	1638618742789	KO	status.find.in(200,201,202,203,204,205,206,207,208,209,304), found 503
USER	Put User	END	1638618742790
REQUEST		Delete User	1638618742637	1638618742804	KO	status.find.in(200,201,202,203,204,205,206,207,208,209,304), found 503
USER	Delete User	END	1638618742804
REQUEST		Post User	1638618741922	1638618742810	KO	status.find.in(200,201,202,203,204,205,206,207,208,209,304), found 503
USER	Post User	END	1638618742811
USER	Get User	START	1638618742811
USER	Put User	START	1638618742815
USER	Post User	START	1638618742815
USER	Delete User	START	1638618742815
REQUEST		Get User	1638618741637	1638618742832	OK	 
USER	Get User	END	1638618742833
REQUEST		Post User	1638618742018	1638618742892	KO	status.find.in(200,201,202,203,204,205,206,207,208,209,304), found 503
USER	Put User	END	1638618742893
REQUEST		Post User	1638618742224	1638618742900	KO	status.find.in(200,201,202,203,204,205,206,207,208,209,304), found 503
USER	Get User	END	1638618742901
REQUEST		Post User	1638618742222	1638618742901	KO	status.find.in(200,201,202,203,204,205,206,207,208,209,304), found 503
REQUEST		Post User	1638618742222	1638618742901	KO	status.find.in(200,201,202,203,204,205,206,207,208,209,304), found 503
USER	Delete User	END	1638618742902
USER	Put User	END	1638618742902
USER	Put User	START	1638618742908
USER	Delete User	START	1638618742908
USER	Get User	START	1638618742909
USER	Post User	START	1638618742909
REQUEST		Get User	1638618742740	1638618742912	KO	status.find.in(200,201,202,203,204,205,206,207,208,209,304), found 503
USER	Get User	END	1638618742913
REQUEST		Post User	1638618741312	1638618742940	OK	 
USER	Post User	END	1638618742941
REQUEST		Post User	1638618742112	1638618742987	KO	status.find.in(200,201,202,203,204,205,206,207,208,209,304), found 503
USER	Get User	END	1638618742988
REQUEST		Post User	1638618742315	1638618742999	KO	status.find.in(200,201,202,203,204,205,206,207,208,209,304), found 503
USER	Put User	END	1638618743000
REQUEST		Post User	1638618742315	1638618743002	KO	status.find.in(200,201,202,203,204,205,206,207,208,209,304), found 503
USER	Delete User	END	1638618743003
USER	Delete User	START	1638618743018
USER	Post User	START	1638618743018
USER	Put User	START	1638618743018
USER	Get User	START	1638618743018
REQUEST		Post User	1638618741109	1638618743041	OK	 
REQUEST		Post User	1638618742410	1638618743081	KO	status.find.in(200,201,202,203,204,205,206,207,208,209,304), found 503
USER	Put User	END	1638618743082
REQUEST		Post User	1638618742410	1638618743083	KO	status.find.in(200,201,202,203,204,205,206,207,208,209,304), found 503
USER	Get User	END	1638618743084
REQUEST		Post User	1638618742410	1638618743091	KO	status.find.in(200,201,202,203,204,205,206,207,208,209,304), found 503
USER	Post User	END	1638618743092
REQUEST		Post User	1638618742422	1638618743110	KO	status.find.in(200,201,202,203,204,205,206,207,208,209,304), found 503
USER	Delete User	END	1638618743111
USER	Delete User	START	1638618743112
USER	Put User	START	1638618743112
USER	Get User	START	1638618743111
USER	Post User	START	1638618743113
REQUEST		Delete User	1638618741939	1638618743136	OK	 
USER	Delete User	END	1638618743137
REQUEST		Post User	1638618742520	1638618743189	KO	status.find.in(200,201,202,203,204,205,206,207,208,209,304), found 503
USER	Delete User	END	1638618743191
REQUEST		Post User	1638618742519	1638618743197	KO	status.find.in(200,201,202,203,204,205,206,207,208,209,304), found 503
USER	Put User	END	1638618743198
REQUEST		Post User	1638618742519	1638618743202	KO	status.find.in(200,201,202,203,204,205,206,207,208,209,304), found 503
USER	Get User	END	1638618743203
REQUEST		Post User	1638618742519	1638618743206	KO	status.find.in(200,201,202,203,204,205,206,207,208,209,304), found 503
USER	Post User	END	1638618743207
USER	Delete User	START	1638618743207
REQUEST		Get User	1638618743042	1638618743208	KO	status.find.in(200,201,202,203,204,205,206,207,208,209,304), found 503
USER	Get User	END	1638618743209
USER	Get User	START	1638618743209
USER	Post User	START	1638618743220
USER	Put User	START	1638618743220
REQUEST		Post User	1638618741323	1638618743239	OK	 
REQUEST		Post User	1638618742614	1638618743308	KO	status.find.in(200,201,202,203,204,205,206,207,208,209,304), found 503
USER	Put User	END	1638618743309
USER	Delete User	START	1638618743309
USER	Post User	START	1638618743314
USER	Put User	START	1638618743314
USER	Get User	START	1638618743314
REQUEST		Post User	1638618741422	1638618743338	OK	 
REQUEST		Post User	1638618742720	1638618743390	KO	status.find.in(200,201,202,203,204,205,206,207,208,209,304), found 503
USER	Post User	END	1638618743390
REQUEST		Post User	1638618742720	1638618743393	KO	status.find.in(200,201,202,203,204,205,206,207,208,209,304), found 503
USER	Get User	END	1638618743394
USER	Post User	START	1638618743408
USER	Get User	START	1638618743408
USER	Delete User	START	1638618743408
USER	Put User	START	1638618743408
REQUEST		Get User	1638618743240	1638618743412	KO	status.find.in(200,201,202,203,204,205,206,207,208,209,304), found 503
USER	Get User	END	1638618743413
REQUEST		Post User	1638618742612	1638618743429	KO	status.find.in(200,201,202,203,204,205,206,207,208,209,304), found 503
USER	Post User	END	1638618743430
REQUEST		Get User	1638618742243	1638618743436	OK	 
USER	Get User	END	1638618743437
REQUEST		Post User	1638618742815	1638618743494	KO	status.find.in(200,201,202,203,204,205,206,207,208,209,304), found 503
USER	Post User	END	1638618743495
REQUEST		Post User	1638618742815	1638618743495	KO	status.find.in(200,201,202,203,204,205,206,207,208,209,304), found 503
USER	Delete User	END	1638618743496
REQUEST		Post User	1638618742815	1638618743500	KO	status.find.in(200,201,202,203,204,205,206,207,208,209,304), found 503
USER	Put User	END	1638618743501
REQUEST		Delete User	1638618743339	1638618743519	KO	status.find.in(200,201,202,203,204,205,206,207,208,209,304), found 503
USER	Post User	START	1638618743519
REQUEST		Post User	1638618742710	1638618743522	KO	status.find.in(200,201,202,203,204,205,206,207,208,209,304), found 503
USER	Get User	START	1638618743522
USER	Put User	START	1638618743524
USER	Delete User	START	1638618743525
USER	Delete User	END	1638618743520
USER	Delete User	END	1638618743523
REQUEST		Post User	1638618741909	1638618743535	OK	 
REQUEST		Post User	1638618742909	1638618743581	KO	status.find.in(200,201,202,203,204,205,206,207,208,209,304), found 503
USER	Get User	END	1638618743582
REQUEST		Post User	1638618742909	1638618743591	KO	status.find.in(200,201,202,203,204,205,206,207,208,209,304), found 503
REQUEST		Post User	1638618742908	1638618743591	KO	status.find.in(200,201,202,203,204,205,206,207,208,209,304), found 503
USER	Put User	END	1638618743592
USER	Post User	END	1638618743592
USER	Put User	START	1638618743611
REQUEST		Post User	1638618742908	1638618743612	KO	status.find.in(200,201,202,203,204,205,206,207,208,209,304), found 503
USER	Post User	START	1638618743611
USER	Delete User	START	1638618743611
USER	Get User	START	1638618743611
USER	Delete User	END	1638618743614
REQUEST		Post User	1638618741813	1638618743637	OK	 
REQUEST		Post User	1638618743018	1638618743701	KO	status.find.in(200,201,202,203,204,205,206,207,208,209,304), found 503
USER	Post User	END	1638618743702
REQUEST		Put User	1638618743536	1638618743718	KO	status.find.in(200,201,202,203,204,205,206,207,208,209,304), found 503
USER	Put User	END	1638618743719
USER	Delete User	START	1638618743721
USER	Post User	START	1638618743720
USER	Put User	START	1638618743721
USER	Get User	START	1638618743720
REQUEST		Get User	1638618742545	1638618743732	OK	 
USER	Get User	END	1638618743733
REQUEST		Post User	1638618743111	1638618743780	KO	status.find.in(200,201,202,203,204,205,206,207,208,209,304), found 503
USER	Get User	END	1638618743781
REQUEST		Post User	1638618743112	1638618743788	KO	status.find.in(200,201,202,203,204,205,206,207,208,209,304), found 503
USER	Put User	END	1638618743789
REQUEST		Post User	1638618743113	1638618743793	KO	status.find.in(200,201,202,203,204,205,206,207,208,209,304), found 503
USER	Post User	END	1638618743793
REQUEST		Post User	1638618743112	1638618743794	KO	status.find.in(200,201,202,203,204,205,206,207,208,209,304), found 503
USER	Delete User	END	1638618743794
REQUEST		Post User	1638618743018	1638618743796	KO	status.find.in(200,201,202,203,204,205,206,207,208,209,304), found 503
USER	Delete User	END	1638618743797
REQUEST		Delete User	1638618743638	1638618743812	KO	status.find.in(200,201,202,203,204,205,206,207,208,209,304), found 503
USER	Put User	START	1638618743813
USER	Get User	START	1638618743813
USER	Delete User	START	1638618743813
USER	Post User	START	1638618743813
USER	Delete User	END	1638618743812
REQUEST		Post User	1638618742224	1638618743837	OK	 
USER	Post User	END	1638618743837
USER	Put User	START	1638618743923
USER	Get User	START	1638618743923
USER	Delete User	START	1638618743923
USER	Post User	START	1638618743924
REQUEST		Post User	1638618742112	1638618743939	OK	 
REQUEST		Post User	1638618743208	1638618743955	KO	status.find.in(200,201,202,203,204,205,206,207,208,209,304), found 503
USER	Delete User	END	1638618743956
REQUEST		Post User	1638618743220	1638618743970	KO	status.find.in(200,201,202,203,204,205,206,207,208,209,304), found 503
USER	Post User	END	1638618743971
REQUEST		Post User	1638618743314	1638618743982	KO	status.find.in(200,201,202,203,204,205,206,207,208,209,304), found 503
REQUEST		Post User	1638618743314	1638618743982	KO	status.find.in(200,201,202,203,204,205,206,207,208,209,304), found 503
USER	Get User	END	1638618743983
USER	Put User	END	1638618743983
REQUEST		Post User	1638618743309	1638618744012	KO	status.find.in(200,201,202,203,204,205,206,207,208,209,304), found 503
USER	Delete User	END	1638618744013
USER	Get User	START	1638618744014
USER	Delete User	START	1638618744017
USER	Put User	START	1638618744017
USER	Post User	START	1638618744017
REQUEST		Post User	1638618742315	1638618744039	OK	 
USER	Post User	END	1638618744040
REQUEST		Post User	1638618743408	1638618744084	KO	status.find.in(200,201,202,203,204,205,206,207,208,209,304), found 503
USER	Get User	END	1638618744085
REQUEST		Post User	1638618743314	1638618744089	KO	status.find.in(200,201,202,203,204,205,206,207,208,209,304), found 503
USER	Post User	END	1638618744090
USER	Get User	START	1638618744112
USER	Delete User	START	1638618744112
USER	Put User	START	1638618744112
USER	Post User	START	1638618744112
REQUEST		Post User	1638618742328	1638618744139	OK	 
REQUEST		Post User	1638618743408	1638618744145	KO	status.find.in(200,201,202,203,204,205,206,207,208,209,304), found 503
USER	Put User	END	1638618744146
REQUEST		Post User	1638618743408	1638618744147	KO	status.find.in(200,201,202,203,204,205,206,207,208,209,304), found 503
USER	Post User	END	1638618744147
REQUEST		Post User	1638618743519	1638618744191	KO	status.find.in(200,201,202,203,204,205,206,207,208,209,304), found 503
USER	Post User	END	1638618744195
USER	Put User	START	1638618744210
USER	Get User	START	1638618744220
USER	Delete User	START	1638618744220
USER	Post User	START	1638618744221
REQUEST		Post User	1638618742612	1638618744239	OK	 
REQUEST		Post User	1638618743524	1638618744258	KO	status.find.in(200,201,202,203,204,205,206,207,208,209,304), found 503
USER	Put User	END	1638618744259
REQUEST		Post User	1638618743525	1638618744260	KO	status.find.in(200,201,202,203,204,205,206,207,208,209,304), found 503
USER	Delete User	END	1638618744261
REQUEST		Post User	1638618743611	1638618744284	KO	status.find.in(200,201,202,203,204,205,206,207,208,209,304), found 503
USER	Put User	END	1638618744285
REQUEST		Post User	1638618743613	1638618744298	KO	status.find.in(200,201,202,203,204,205,206,207,208,209,304), found 503
USER	Post User	END	1638618744298
USER	Put User	START	1638618744316
USER	Get User	START	1638618744317
USER	Delete User	START	1638618744316
REQUEST		Post User	1638618742612	1638618744338	OK	 
REQUEST		Post User	1638618743614	1638618744343	KO	status.find.in(200,201,202,203,204,205,206,207,208,209,304), found 503
USER	Get User	END	1638618744343
USER	Post User	START	1638618744328
REQUEST		Post User	1638618743721	1638618744392	KO	status.find.in(200,201,202,203,204,205,206,207,208,209,304), found 503
USER	Delete User	END	1638618744393
REQUEST		Post User	1638618743722	1638618744402	KO	status.find.in(200,201,202,203,204,205,206,207,208,209,304), found 503
USER	Get User	END	1638618744403
REQUEST		Delete User	1638618744240	1638618744408	KO	status.find.in(200,201,202,203,204,205,206,207,208,209,304), found 503
USER	Delete User	END	1638618744409
USER	Delete User	START	1638618744410
USER	Put User	START	1638618744411
USER	Get User	START	1638618744412
USER	Post User	START	1638618744423
REQUEST		Post User	1638618742720	1638618744439	OK	 
REQUEST		Post User	1638618743721	1638618744459	KO	status.find.in(200,201,202,203,204,205,206,207,208,209,304), found 503
USER	Put User	END	1638618744460
REQUEST		Post User	1638618743813	1638618744481	KO	status.find.in(200,201,202,203,204,205,206,207,208,209,304), found 503
USER	Put User	END	1638618744482
REQUEST		Post User	1638618743721	1638618744547	KO	status.find.in(200,201,202,203,204,205,206,207,208,209,304), found 503
REQUEST		Post User	1638618742811	1638618744546	OK	 
USER	Post User	END	1638618744548
REQUEST		Post User	1638618743814	1638618744596	KO	status.find.in(200,201,202,203,204,205,206,207,208,209,304), found 503
USER	Delete User	END	1638618744597
REQUEST		Post User	1638618743813	1638618744601	KO	status.find.in(200,201,202,203,204,205,206,207,208,209,304), found 503
USER	Get User	END	1638618744602
REQUEST		Post User	1638618743814	1638618744602	KO	status.find.in(200,201,202,203,204,205,206,207,208,209,304), found 503
USER	Post User	END	1638618744603
REQUEST		Post User	1638618743923	1638618744604	KO	status.find.in(200,201,202,203,204,205,206,207,208,209,304), found 503
REQUEST		Post User	1638618743923	1638618744604	KO	status.find.in(200,201,202,203,204,205,206,207,208,209,304), found 503
USER	Put User	END	1638618744605
USER	Get User	END	1638618744605
REQUEST		Post User	1638618743924	1638618744605	KO	status.find.in(200,201,202,203,204,205,206,207,208,209,304), found 503
USER	Post User	END	1638618744606
REQUEST		Put User	1638618744440	1638618744620	KO	status.find.in(200,201,202,203,204,205,206,207,208,209,304), found 503
USER	Put User	END	1638618744620
REQUEST		Post User	1638618743018	1638618744641	OK	 
REQUEST		Post User	1638618743924	1638618744693	KO	status.find.in(200,201,202,203,204,205,206,207,208,209,304), found 503
USER	Delete User	END	1638618744694
REQUEST		Post User	1638618743018	1638618744732	OK	 
REQUEST		Get User	1638618744547	1638618744748	KO	status.find.in(200,201,202,203,204,205,206,207,208,209,304), found 503
USER	Get User	END	1638618744749
REQUEST		Post User	1638618744017	1638618744774	KO	status.find.in(200,201,202,203,204,205,206,207,208,209,304), found 503
USER	Put User	END	1638618744775
REQUEST		Post User	1638618744112	1638618744795	KO	status.find.in(200,201,202,203,204,205,206,207,208,209,304), found 503
USER	Put User	END	1638618744796
REQUEST		Get User	1638618744641	1638618744811	KO	status.find.in(200,201,202,203,204,205,206,207,208,209,304), found 503
USER	Get User	END	1638618744812
REQUEST		Post User	1638618743210	1638618744839	OK	 
REQUEST		Post User	1638618744210	1638618744883	KO	status.find.in(200,201,202,203,204,205,206,207,208,209,304), found 503
USER	Put User	END	1638618744884
REQUEST		Post User	1638618744112	1638618744900	KO	status.find.in(200,201,202,203,204,205,206,207,208,209,304), found 503
USER	Get User	END	1638618744900
REQUEST		Post User	1638618744112	1638618744922	KO	status.find.in(200,201,202,203,204,205,206,207,208,209,304), found 503
USER	Delete User	END	1638618744923
REQUEST		Post User	1638618744113	1638618744936	KO	status.find.in(200,201,202,203,204,205,206,207,208,209,304), found 503
REQUEST		Post User	1638618743220	1638618744936	OK	 
USER	Post User	END	1638618744937
REQUEST		Post User	1638618744221	1638618744985	KO	status.find.in(200,201,202,203,204,205,206,207,208,209,304), found 503
REQUEST		Post User	1638618744220	1638618744985	KO	status.find.in(200,201,202,203,204,205,206,207,208,209,304), found 503
USER	Post User	END	1638618744985
USER	Get User	END	1638618744986
REQUEST		Post User	1638618744317	1638618745006	KO	status.find.in(200,201,202,203,204,205,206,207,208,209,304), found 503
USER	Get User	END	1638618745007
REQUEST		Get User	1638618744840	1638618745011	KO	status.find.in(200,201,202,203,204,205,206,207,208,209,304), found 503
USER	Get User	END	1638618745011
REQUEST		Post User	1638618743408	1638618745049	OK	 
REQUEST		Post User	1638618744220	1638618745079	KO	status.find.in(200,201,202,203,204,205,206,207,208,209,304), found 503
USER	Delete User	END	1638618745080
REQUEST		Post User	1638618744410	1638618745091	KO	status.find.in(200,201,202,203,204,205,206,207,208,209,304), found 503
USER	Delete User	END	1638618745093
REQUEST		Post User	1638618744316	1638618745106	KO	status.find.in(200,201,202,203,204,205,206,207,208,209,304), found 503
USER	Delete User	END	1638618745107
REQUEST		Post User	1638618744424	1638618745108	KO	status.find.in(200,201,202,203,204,205,206,207,208,209,304), found 503
USER	Post User	END	1638618745109
REQUEST		Delete User	1638618743940	1638618745137	OK	 
USER	Delete User	END	1638618745138
REQUEST		Put User	1638618744937	1638618745182	KO	status.find.in(200,201,202,203,204,205,206,207,208,209,304), found 503
USER	Put User	END	1638618745183
REQUEST		Post User	1638618744412	1638618745193	KO	status.find.in(200,201,202,203,204,205,206,207,208,209,304), found 503
USER	Get User	END	1638618745194
REQUEST		Post User	1638618744411	1638618745194	KO	status.find.in(200,201,202,203,204,205,206,207,208,209,304), found 503
USER	Put User	END	1638618745195
REQUEST		Post User	1638618743522	1638618745238	OK	 
REQUEST		Get User	1638618744140	1638618745336	OK	 
USER	Get User	END	1638618745336
REQUEST		Post User	1638618743611	1638618745447	OK	 
REQUEST		Get User	1638618744339	1638618745534	OK	 
USER	Get User	END	1638618745535
REQUEST		Post User	1638618744014	1638618745643	OK	 
REQUEST		Post User	1638618744018	1638618745747	OK	 
USER	Post User	END	1638618745748
REQUEST		Post User	1638618744017	1638618745847	OK	 
REQUEST		Put User	1638618744733	1638618745932	OK	 
USER	Put User	END	1638618745933
REQUEST		Post User	1638618744316	1638618746035	OK	 
REQUEST		Post User	1638618744328	1638618746136	OK	 
USER	Post User	END	1638618746137
REQUEST		Delete User	1638618745049	1638618746238	OK	 
USER	Delete User	END	1638618746238
REQUEST		Get User	1638618745238	1638618746332	OK	 
USER	Get User	END	1638618746333
REQUEST		Delete User	1638618745448	1638618746443	OK	 
USER	Delete User	END	1638618746443
REQUEST		Get User	1638618745644	1638618746532	OK	 
USER	Get User	END	1638618746532
REQUEST		Delete User	1638618745847	1638618746641	OK	 
USER	Delete User	END	1638618746641
REQUEST		Put User	1638618746036	1638618746739	OK	 
USER	Put User	END	1638618746739
